<?xml version="1.0" encoding="UTF-8"?>
<testsuite xmlns:xsi="http://www.w3.org/2001/XMLSchema-instance" xsi:noNamespaceSchemaLocation="https://maven.apache.org/surefire/maven-surefire-plugin/xsd/surefire-test-report-3.0.xsd" version="3.0" name="com.ibm.PricingTest" time="0.355" tests="1" errors="0" skipped="0" failures="0">
  <properties>
    <property name="java.specification.version" value="20"/>
    <property name="sun.jnu.encoding" value="UTF-8"/>
    <property name="test.url" value="http://localhost:8081"/>
    <property name="java.class.path" value="/Users/ayakons/work/products/DM/ws/v9GettingStarted/quick-kogito/target/test-classes:/Users/ayakons/work/products/DM/ws/v9GettingStarted/quick-kogito/target/classes:/Users/ayakons/.m2/repository/org/kie/kogito/kogito-quarkus-decisions/1.40.0.Final/kogito-quarkus-decisions-1.40.0.Final.jar:/Users/ayakons/.m2/repository/org/kie/kogito/kogito-quarkus-common/1.40.0.Final/kogito-quarkus-common-1.40.0.Final.jar:/Users/ayakons/.m2/repository/org/kie/kogito/kogito-api-incubation-application/1.40.0.Final/kogito-api-incubation-application-1.40.0.Final.jar:/Users/ayakons/.m2/repository/org/kie/kogito/kogito-api-incubation-common/1.40.0.Final/kogito-api-incubation-common-1.40.0.Final.jar:/Users/ayakons/.m2/repository/org/kie/kogito/kogito-api-incubation-common-objectmapper/1.40.0.Final/kogito-api-incubation-common-objectmapper-1.40.0.Final.jar:/Users/ayakons/.m2/repository/org/kie/kogito/kogito-rest-workitem/1.40.0.Final/kogito-rest-workitem-1.40.0.Final.jar:/Users/ayakons/.m2/repository/org/kie/kogito/jbpm-flow/1.40.0.Final/jbpm-flow-1.40.0.Final.jar:/Users/ayakons/.m2/repository/org/kie/kogito/kogito-events-api/1.40.0.Final/kogito-events-api-1.40.0.Final.jar:/Users/ayakons/.m2/repository/org/kie/kogito/kogito-services/1.40.0.Final/kogito-services-1.40.0.Final.jar:/Users/ayakons/.m2/repository/org/kie/kogito/kogito-events-core/1.40.0.Final/kogito-events-core-1.40.0.Final.jar:/Users/ayakons/.m2/repository/org/kie/kogito/kogito-timer/1.40.0.Final/kogito-timer-1.40.0.Final.jar:/Users/ayakons/.m2/repository/org/kie/kogito/process-workitems/1.40.0.Final/process-workitems-1.40.0.Final.jar:/Users/ayakons/.m2/repository/org/drools/drools-mvel/8.40.0.Final/drools-mvel-8.40.0.Final.jar:/Users/ayakons/.m2/repository/org/kie/kogito/kogito-rest-utils/1.40.0.Final/kogito-rest-utils-1.40.0.Final.jar:/Users/ayakons/.m2/repository/io/smallrye/reactive/smallrye-mutiny-vertx-auth-oauth2/2.30.1/smallrye-mutiny-vertx-auth-oauth2-2.30.1.jar:/Users/ayakons/.m2/repository/io/vertx/vertx-auth-oauth2/4.3.7/vertx-auth-oauth2-4.3.7.jar:/Users/ayakons/.m2/repository/io/smallrye/reactive/smallrye-mutiny-vertx-web-client/2.30.1/smallrye-mutiny-vertx-web-client-2.30.1.jar:/Users/ayakons/.m2/repository/io/vertx/vertx-web-client/4.3.7/vertx-web-client-4.3.7.jar:/Users/ayakons/.m2/repository/org/kie/kogito/kogito-jackson-utils/1.40.0.Final/kogito-jackson-utils-1.40.0.Final.jar:/Users/ayakons/.m2/repository/org/mvel/mvel2/2.5.0.Final/mvel2-2.5.0.Final.jar:/Users/ayakons/.m2/repository/com/jayway/jsonpath/json-path/2.8.0/json-path-2.8.0.jar:/Users/ayakons/.m2/repository/net/minidev/json-smart/2.4.10/json-smart-2.4.10.jar:/Users/ayakons/.m2/repository/net/minidev/accessors-smart/2.4.9/accessors-smart-2.4.9.jar:/Users/ayakons/.m2/repository/io/quarkus/quarkus-jackson/2.16.7.Final/quarkus-jackson-2.16.7.Final.jar:/Users/ayakons/.m2/repository/com/fasterxml/jackson/datatype/jackson-datatype-jsr310/2.14.2/jackson-datatype-jsr310-2.14.2.jar:/Users/ayakons/.m2/repository/com/fasterxml/jackson/datatype/jackson-datatype-jdk8/2.14.2/jackson-datatype-jdk8-2.14.2.jar:/Users/ayakons/.m2/repository/com/fasterxml/jackson/module/jackson-module-parameter-names/2.14.2/jackson-module-parameter-names-2.14.2.jar:/Users/ayakons/.m2/repository/io/quarkus/arc/arc-processor/2.16.7.Final/arc-processor-2.16.7.Final.jar:/Users/ayakons/.m2/repository/io/quarkus/gizmo/gizmo/1.6.0.Final/gizmo-1.6.0.Final.jar:/Users/ayakons/.m2/repository/org/ow2/asm/asm-util/9.4/asm-util-9.4.jar:/Users/ayakons/.m2/repository/org/ow2/asm/asm-analysis/9.4/asm-analysis-9.4.jar:/Users/ayakons/.m2/repository/org/kie/kogito/kogito-api/1.40.0.Final/kogito-api-1.40.0.Final.jar:/Users/ayakons/.m2/repository/org/kie/kie-api/8.40.0.Final/kie-api-8.40.0.Final.jar:/Users/ayakons/.m2/repository/com/fasterxml/jackson/core/jackson-annotations/2.14.2/jackson-annotations-2.14.2.jar:/Users/ayakons/.m2/repository/io/cloudevents/cloudevents-api/2.3.0/cloudevents-api-2.3.0.jar:/Users/ayakons/.m2/repository/jakarta/annotation/jakarta.annotation-api/1.3.5/jakarta.annotation-api-1.3.5.jar:/Users/ayakons/.m2/repository/org/kie/kogito/kogito-api-incubation-decisions-services/1.40.0.Final/kogito-api-incubation-decisions-services-1.40.0.Final.jar:/Users/ayakons/.m2/repository/org/kie/kogito/kogito-api-incubation-decisions/1.40.0.Final/kogito-api-incubation-decisions-1.40.0.Final.jar:/Users/ayakons/.m2/repository/io/cloudevents/cloudevents-json-jackson/2.3.0/cloudevents-json-jackson-2.3.0.jar:/Users/ayakons/.m2/repository/io/cloudevents/cloudevents-core/2.3.0/cloudevents-core-2.3.0.jar:/Users/ayakons/.m2/repository/com/fasterxml/jackson/core/jackson-core/2.14.2/jackson-core-2.14.2.jar:/Users/ayakons/.m2/repository/com/fasterxml/jackson/core/jackson-databind/2.14.2/jackson-databind-2.14.2.jar:/Users/ayakons/.m2/repository/org/kie/kogito/kogito-dmn/1.40.0.Final/kogito-dmn-1.40.0.Final.jar:/Users/ayakons/.m2/repository/org/kie/kie-dmn-core/8.40.0.Final/kie-dmn-core-8.40.0.Final.jar:/Users/ayakons/.m2/repository/org/kie/kie-dmn-api/8.40.0.Final/kie-dmn-api-8.40.0.Final.jar:/Users/ayakons/.m2/repository/org/kie/efesto-common-api/8.40.0.Final/efesto-common-api-8.40.0.Final.jar:/Users/ayakons/.m2/repository/org/kie/kie-dmn-model/8.40.0.Final/kie-dmn-model-8.40.0.Final.jar:/Users/ayakons/.m2/repository/org/kie/kie-dmn-backend/8.40.0.Final/kie-dmn-backend-8.40.0.Final.jar:/Users/ayakons/.m2/repository/org/kie/kie-util-xml/8.40.0.Final/kie-util-xml-8.40.0.Final.jar:/Users/ayakons/.m2/repository/org/kie/kie-dmn-feel/8.40.0.Final/kie-dmn-feel-8.40.0.Final.jar:/Users/ayakons/.m2/repository/ch/obermuhlner/big-math/2.0.1/big-math-2.0.1.jar:/Users/ayakons/.m2/repository/org/kie/kie-internal/8.40.0.Final/kie-internal-8.40.0.Final.jar:/Users/ayakons/.m2/repository/org/kie/kie-memory-compiler/8.40.0.Final/kie-memory-compiler-8.40.0.Final.jar:/Users/ayakons/.m2/repository/org/drools/drools-util/8.40.0.Final/drools-util-8.40.0.Final.jar:/Users/ayakons/.m2/repository/org/drools/drools-wiring-api/8.40.0.Final/drools-wiring-api-8.40.0.Final.jar:/Users/ayakons/.m2/repository/org/drools/drools-core/8.40.0.Final/drools-core-8.40.0.Final.jar:/Users/ayakons/.m2/repository/org/drools/drools-base/8.40.0.Final/drools-base-8.40.0.Final.jar:/Users/ayakons/.m2/repository/org/drools/drools-wiring-static/8.40.0.Final/drools-wiring-static-8.40.0.Final.jar:/Users/ayakons/.m2/repository/org/drools/drools-io/8.40.0.Final/drools-io-8.40.0.Final.jar:/Users/ayakons/.m2/repository/org/drools/drools-compiler/8.40.0.Final/drools-compiler-8.40.0.Final.jar:/Users/ayakons/.m2/repository/org/drools/drools-drl-parser/8.40.0.Final/drools-drl-parser-8.40.0.Final.jar:/Users/ayakons/.m2/repository/org/drools/drools-drl-extensions/8.40.0.Final/drools-drl-extensions-8.40.0.Final.jar:/Users/ayakons/.m2/repository/org/drools/drools-drl-ast/8.40.0.Final/drools-drl-ast-8.40.0.Final.jar:/Users/ayakons/.m2/repository/org/drools/drools-kiesession/8.40.0.Final/drools-kiesession-8.40.0.Final.jar:/Users/ayakons/.m2/repository/org/drools/drools-ecj/8.40.0.Final/drools-ecj-8.40.0.Final.jar:/Users/ayakons/.m2/repository/org/eclipse/jdt/ecj/3.33.0/ecj-3.33.0.jar:/Users/ayakons/.m2/repository/org/kie/kie-util-maven-support/8.40.0.Final/kie-util-maven-support-8.40.0.Final.jar:/Users/ayakons/.m2/repository/org/antlr/antlr-runtime/3.5.2/antlr-runtime-3.5.2.jar:/Users/ayakons/.m2/repository/org/drools/drools-canonical-model/8.40.0.Final/drools-canonical-model-8.40.0.Final.jar:/Users/ayakons/.m2/repository/org/drools/drools-model-compiler/8.40.0.Final/drools-model-compiler-8.40.0.Final.jar:/Users/ayakons/.m2/repository/com/github/javaparser/javaparser-core/3.24.2/javaparser-core-3.24.2.jar:/Users/ayakons/.m2/repository/org/drools/drools-mvel-parser/8.40.0.Final/drools-mvel-parser-8.40.0.Final.jar:/Users/ayakons/.m2/repository/org/drools/drools-alphanetwork-compiler/8.40.0.Final/drools-alphanetwork-compiler-8.40.0.Final.jar:/Users/ayakons/.m2/repository/org/kie/efesto-compilation-manager-core/8.40.0.Final/efesto-compilation-manager-core-8.40.0.Final.jar:/Users/ayakons/.m2/repository/org/kie/efesto-compilation-manager-api/8.40.0.Final/efesto-compilation-manager-api-8.40.0.Final.jar:/Users/ayakons/.m2/repository/org/kie/efesto-common-core/8.40.0.Final/efesto-common-core-8.40.0.Final.jar:/Users/ayakons/.m2/repository/org/kie/efesto-runtime-manager-core/8.40.0.Final/efesto-runtime-manager-core-8.40.0.Final.jar:/Users/ayakons/.m2/repository/org/kie/efesto-runtime-manager-api/8.40.0.Final/efesto-runtime-manager-api-8.40.0.Final.jar:/Users/ayakons/.m2/repository/org/kie/efesto-common-utils/8.40.0.Final/efesto-common-utils-8.40.0.Final.jar:/Users/ayakons/.m2/repository/org/antlr/antlr4-runtime/4.10.1/antlr4-runtime-4.10.1.jar:/Users/ayakons/.m2/repository/org/jpmml/pmml-model/1.5.1/pmml-model-1.5.1.jar:/Users/ayakons/.m2/repository/org/jpmml/pmml-agent/1.5.1/pmml-agent-1.5.1.jar:/Users/ayakons/.m2/repository/org/kie/kie-dmn-validation/8.40.0.Final/kie-dmn-validation-8.40.0.Final.jar:/Users/ayakons/.m2/repository/org/drools/drools-commands/8.40.0.Final/drools-commands-8.40.0.Final.jar:/Users/ayakons/.m2/repository/org/kie/kogito/kogito-drools/1.40.0.Final/kogito-drools-1.40.0.Final.jar:/Users/ayakons/.m2/repository/org/drools/drools-ruleunits-api/8.40.0.Final/drools-ruleunits-api-8.40.0.Final.jar:/Users/ayakons/.m2/repository/org/drools/drools-ruleunits-impl/8.40.0.Final/drools-ruleunits-impl-8.40.0.Final.jar:/Users/ayakons/.m2/repository/org/drools/drools-model-codegen/8.40.0.Final/drools-model-codegen-8.40.0.Final.jar:/Users/ayakons/.m2/repository/org/drools/drools-codegen-common/8.40.0.Final/drools-codegen-common-8.40.0.Final.jar:/Users/ayakons/.m2/repository/org/drools/drools-mvel-compiler/8.40.0.Final/drools-mvel-compiler-8.40.0.Final.jar:/Users/ayakons/.m2/repository/io/quarkus/quarkus-smallrye-openapi/2.16.7.Final/quarkus-smallrye-openapi-2.16.7.Final.jar:/Users/ayakons/.m2/repository/io/smallrye/smallrye-open-api-core/3.1.1/smallrye-open-api-core-3.1.1.jar:/Users/ayakons/.m2/repository/org/eclipse/microprofile/openapi/microprofile-openapi-api/2.0.1/microprofile-openapi-api-2.0.1.jar:/Users/ayakons/.m2/repository/org/eclipse/microprofile/config/microprofile-config-api/2.0.1/microprofile-config-api-2.0.1.jar:/Users/ayakons/.m2/repository/com/fasterxml/jackson/dataformat/jackson-dataformat-yaml/2.14.2/jackson-dataformat-yaml-2.14.2.jar:/Users/ayakons/.m2/repository/org/yaml/snakeyaml/1.33/snakeyaml-1.33.jar:/Users/ayakons/.m2/repository/io/smallrye/jandex/3.0.5/jandex-3.0.5.jar:/Users/ayakons/.m2/repository/org/jboss/logging/jboss-logging/3.5.0.Final/jboss-logging-3.5.0.Final.jar:/Users/ayakons/.m2/repository/io/quarkus/quarkus-core/2.16.7.Final/quarkus-core-2.16.7.Final.jar:/Users/ayakons/.m2/repository/jakarta/enterprise/jakarta.enterprise.cdi-api/2.0.2/jakarta.enterprise.cdi-api-2.0.2.jar:/Users/ayakons/.m2/repository/jakarta/el/jakarta.el-api/3.0.3/jakarta.el-api-3.0.3.jar:/Users/ayakons/.m2/repository/jakarta/interceptor/jakarta.interceptor-api/1.2.5/jakarta.interceptor-api-1.2.5.jar:/Users/ayakons/.m2/repository/jakarta/inject/jakarta.inject-api/1.0/jakarta.inject-api-1.0.jar:/Users/ayakons/.m2/repository/io/quarkus/quarkus-ide-launcher/2.16.7.Final/quarkus-ide-launcher-2.16.7.Final.jar:/Users/ayakons/.m2/repository/io/quarkus/quarkus-development-mode-spi/2.16.7.Final/quarkus-development-mode-spi-2.16.7.Final.jar:/Users/ayakons/.m2/repository/io/smallrye/config/smallrye-config/2.13.3/smallrye-config-2.13.3.jar:/Users/ayakons/.m2/repository/io/smallrye/config/smallrye-config-core/2.13.3/smallrye-config-core-2.13.3.jar:/Users/ayakons/.m2/repository/io/smallrye/common/smallrye-common-expression/1.13.2/smallrye-common-expression-1.13.2.jar:/Users/ayakons/.m2/repository/io/smallrye/common/smallrye-common-function/1.13.2/smallrye-common-function-1.13.2.jar:/Users/ayakons/.m2/repository/io/smallrye/common/smallrye-common-classloader/1.13.2/smallrye-common-classloader-1.13.2.jar:/Users/ayakons/.m2/repository/io/smallrye/config/smallrye-config-common/2.13.3/smallrye-config-common-2.13.3.jar:/Users/ayakons/.m2/repository/org/jboss/logmanager/jboss-logmanager-embedded/1.0.11/jboss-logmanager-embedded-1.0.11.jar:/Users/ayakons/.m2/repository/org/jboss/logging/jboss-logging-annotations/2.2.1.Final/jboss-logging-annotations-2.2.1.Final.jar:/Users/ayakons/.m2/repository/org/jboss/threads/jboss-threads/3.4.3.Final/jboss-threads-3.4.3.Final.jar:/Users/ayakons/.m2/repository/org/slf4j/slf4j-api/1.7.36/slf4j-api-1.7.36.jar:/Users/ayakons/.m2/repository/org/jboss/slf4j/slf4j-jboss-logmanager/1.2.0.Final/slf4j-jboss-logmanager-1.2.0.Final.jar:/Users/ayakons/.m2/repository/org/graalvm/sdk/graal-sdk/22.3.0/graal-sdk-22.3.0.jar:/Users/ayakons/.m2/repository/org/wildfly/common/wildfly-common/1.5.4.Final-format-001/wildfly-common-1.5.4.Final-format-001.jar:/Users/ayakons/.m2/repository/io/quarkus/quarkus-bootstrap-runner/2.16.7.Final/quarkus-bootstrap-runner-2.16.7.Final.jar:/Users/ayakons/.m2/repository/io/quarkus/quarkus-fs-util/0.0.9/quarkus-fs-util-0.0.9.jar:/Users/ayakons/.m2/repository/io/quarkus/quarkus-vertx-http/2.16.7.Final/quarkus-vertx-http-2.16.7.Final.jar:/Users/ayakons/.m2/repository/io/quarkus/quarkus-security-runtime-spi/2.16.7.Final/quarkus-security-runtime-spi-2.16.7.Final.jar:/Users/ayakons/.m2/repository/io/quarkus/quarkus-credentials/2.16.7.Final/quarkus-credentials-2.16.7.Final.jar:/Users/ayakons/.m2/repository/io/quarkus/quarkus-mutiny/2.16.7.Final/quarkus-mutiny-2.16.7.Final.jar:/Users/ayakons/.m2/repository/io/quarkus/quarkus-smallrye-context-propagation/2.16.7.Final/quarkus-smallrye-context-propagation-2.16.7.Final.jar:/Users/ayakons/.m2/repository/io/smallrye/smallrye-context-propagation/1.2.2/smallrye-context-propagation-1.2.2.jar:/Users/ayakons/.m2/repository/io/smallrye/smallrye-context-propagation-api/1.2.2/smallrye-context-propagation-api-1.2.2.jar:/Users/ayakons/.m2/repository/io/smallrye/smallrye-context-propagation-storage/1.2.2/smallrye-context-propagation-storage-1.2.2.jar:/Users/ayakons/.m2/repository/io/smallrye/reactive/mutiny-smallrye-context-propagation/1.9.0/mutiny-smallrye-context-propagation-1.9.0.jar:/Users/ayakons/.m2/repository/io/smallrye/common/smallrye-common-vertx-context/1.13.2/smallrye-common-vertx-context-1.13.2.jar:/Users/ayakons/.m2/repository/io/vertx/vertx-core/4.3.7/vertx-core-4.3.7.jar:/Users/ayakons/.m2/repository/io/netty/netty-common/4.1.86.Final/netty-common-4.1.86.Final.jar:/Users/ayakons/.m2/repository/io/netty/netty-buffer/4.1.86.Final/netty-buffer-4.1.86.Final.jar:/Users/ayakons/.m2/repository/io/netty/netty-transport/4.1.86.Final/netty-transport-4.1.86.Final.jar:/Users/ayakons/.m2/repository/io/netty/netty-handler/4.1.86.Final/netty-handler-4.1.86.Final.jar:/Users/ayakons/.m2/repository/io/netty/netty-transport-native-unix-common/4.1.86.Final/netty-transport-native-unix-common-4.1.86.Final.jar:/Users/ayakons/.m2/repository/io/netty/netty-handler-proxy/4.1.86.Final/netty-handler-proxy-4.1.86.Final.jar:/Users/ayakons/.m2/repository/io/netty/netty-codec-socks/4.1.86.Final/netty-codec-socks-4.1.86.Final.jar:/Users/ayakons/.m2/repository/io/netty/netty-codec-http/4.1.86.Final/netty-codec-http-4.1.86.Final.jar:/Users/ayakons/.m2/repository/io/netty/netty-codec-http2/4.1.86.Final/netty-codec-http2-4.1.86.Final.jar:/Users/ayakons/.m2/repository/io/netty/netty-resolver/4.1.86.Final/netty-resolver-4.1.86.Final.jar:/Users/ayakons/.m2/repository/io/netty/netty-resolver-dns/4.1.86.Final/netty-resolver-dns-4.1.86.Final.jar:/Users/ayakons/.m2/repository/io/netty/netty-codec-dns/4.1.86.Final/netty-codec-dns-4.1.86.Final.jar:/Users/ayakons/.m2/repository/io/smallrye/common/smallrye-common-constraint/1.13.2/smallrye-common-constraint-1.13.2.jar:/Users/ayakons/.m2/repository/io/quarkus/quarkus-vertx-http-dev-console-runtime-spi/2.16.7.Final/quarkus-vertx-http-dev-console-runtime-spi-2.16.7.Final.jar:/Users/ayakons/.m2/repository/io/quarkus/security/quarkus-security/1.1.4.Final/quarkus-security-1.1.4.Final.jar:/Users/ayakons/.m2/repository/io/quarkus/quarkus-vertx/2.16.7.Final/quarkus-vertx-2.16.7.Final.jar:/Users/ayakons/.m2/repository/io/quarkus/quarkus-netty/2.16.7.Final/quarkus-netty-2.16.7.Final.jar:/Users/ayakons/.m2/repository/io/netty/netty-codec/4.1.86.Final/netty-codec-4.1.86.Final.jar:/Users/ayakons/.m2/repository/com/aayushatharva/brotli4j/brotli4j/1.8.0/brotli4j-1.8.0.jar:/Users/ayakons/.m2/repository/com/aayushatharva/brotli4j/native-osx-aarch64/1.8.0/native-osx-aarch64-1.8.0.jar:/Users/ayakons/.m2/repository/io/netty/netty-codec-haproxy/4.1.86.Final/netty-codec-haproxy-4.1.86.Final.jar:/Users/ayakons/.m2/repository/io/smallrye/common/smallrye-common-annotation/1.13.2/smallrye-common-annotation-1.13.2.jar:/Users/ayakons/.m2/repository/io/quarkus/quarkus-vertx-latebound-mdc-provider/2.16.7.Final/quarkus-vertx-latebound-mdc-provider-2.16.7.Final.jar:/Users/ayakons/.m2/repository/io/smallrye/smallrye-fault-tolerance-vertx/5.6.0/smallrye-fault-tolerance-vertx-5.6.0.jar:/Users/ayakons/.m2/repository/io/smallrye/reactive/smallrye-mutiny-vertx-web/2.30.1/smallrye-mutiny-vertx-web-2.30.1.jar:/Users/ayakons/.m2/repository/io/smallrye/reactive/smallrye-mutiny-vertx-web-common/2.30.1/smallrye-mutiny-vertx-web-common-2.30.1.jar:/Users/ayakons/.m2/repository/io/smallrye/reactive/smallrye-mutiny-vertx-auth-common/2.30.1/smallrye-mutiny-vertx-auth-common-2.30.1.jar:/Users/ayakons/.m2/repository/io/smallrye/reactive/smallrye-mutiny-vertx-bridge-common/2.30.1/smallrye-mutiny-vertx-bridge-common-2.30.1.jar:/Users/ayakons/.m2/repository/io/smallrye/reactive/smallrye-mutiny-vertx-uri-template/2.30.1/smallrye-mutiny-vertx-uri-template-2.30.1.jar:/Users/ayakons/.m2/repository/io/vertx/vertx-uri-template/4.3.7/vertx-uri-template-4.3.7.jar:/Users/ayakons/.m2/repository/io/vertx/vertx-web/4.3.7/vertx-web-4.3.7.jar:/Users/ayakons/.m2/repository/io/vertx/vertx-web-common/4.3.7/vertx-web-common-4.3.7.jar:/Users/ayakons/.m2/repository/io/vertx/vertx-auth-common/4.3.7/vertx-auth-common-4.3.7.jar:/Users/ayakons/.m2/repository/io/vertx/vertx-bridge-common/4.3.7/vertx-bridge-common-4.3.7.jar:/Users/ayakons/.m2/repository/io/github/crac/org-crac/0.1.3/org-crac-0.1.3.jar:/Users/ayakons/.m2/repository/io/quarkus/quarkus-swagger-ui/2.16.7.Final/quarkus-swagger-ui-2.16.7.Final.jar:/Users/ayakons/.m2/repository/io/quarkus/quarkus-smallrye-health/2.16.7.Final/quarkus-smallrye-health-2.16.7.Final.jar:/Users/ayakons/.m2/repository/io/smallrye/smallrye-health/3.3.1/smallrye-health-3.3.1.jar:/Users/ayakons/.m2/repository/org/eclipse/microprofile/health/microprofile-health-api/3.1/microprofile-health-api-3.1.jar:/Users/ayakons/.m2/repository/io/smallrye/smallrye-health-api/3.3.1/smallrye-health-api-3.3.1.jar:/Users/ayakons/.m2/repository/io/smallrye/smallrye-health-provided-checks/3.3.1/smallrye-health-provided-checks-3.3.1.jar:/Users/ayakons/.m2/repository/io/quarkus/quarkus-jsonp/2.16.7.Final/quarkus-jsonp-2.16.7.Final.jar:/Users/ayakons/.m2/repository/org/glassfish/jakarta.json/1.1.6/jakarta.json-1.1.6.jar:/Users/ayakons/.m2/repository/io/quarkus/quarkus-resteasy-reactive-jackson/2.16.7.Final/quarkus-resteasy-reactive-jackson-2.16.7.Final.jar:/Users/ayakons/.m2/repository/io/quarkus/quarkus-resteasy-reactive-jackson-common/2.16.7.Final/quarkus-resteasy-reactive-jackson-common-2.16.7.Final.jar:/Users/ayakons/.m2/repository/io/quarkus/resteasy/reactive/resteasy-reactive-jackson/2.16.7.Final/resteasy-reactive-jackson-2.16.7.Final.jar:/Users/ayakons/.m2/repository/org/kie/kogito/kogito-quarkus/1.40.0.Final/kogito-quarkus-1.40.0.Final.jar:/Users/ayakons/.m2/repository/org/kie/kogito/kogito-quarkus-processes/1.40.0.Final/kogito-quarkus-processes-1.40.0.Final.jar:/Users/ayakons/.m2/repository/org/kie/kogito/kogito-quarkus-workflow-common/1.40.0.Final/kogito-quarkus-workflow-common-1.40.0.Final.jar:/Users/ayakons/.m2/repository/org/kie/kogito/process-serialization-protobuf/1.40.0.Final/process-serialization-protobuf-1.40.0.Final.jar:/Users/ayakons/.m2/repository/com/google/protobuf/protobuf-java/3.22.0/protobuf-java-3.22.0.jar:/Users/ayakons/.m2/repository/com/google/protobuf/protobuf-java-util/3.22.0/protobuf-java-util-3.22.0.jar:/Users/ayakons/.m2/repository/com/google/code/findbugs/jsr305/3.0.2/jsr305-3.0.2.jar:/Users/ayakons/.m2/repository/com/google/code/gson/gson/2.10/gson-2.10.jar:/Users/ayakons/.m2/repository/com/google/errorprone/error_prone_annotations/2.17.0/error_prone_annotations-2.17.0.jar:/Users/ayakons/.m2/repository/com/google/guava/guava/31.1-jre/guava-31.1-jre.jar:/Users/ayakons/.m2/repository/com/google/guava/failureaccess/1.0.1/failureaccess-1.0.1.jar:/Users/ayakons/.m2/repository/com/google/j2objc/j2objc-annotations/1.3/j2objc-annotations-1.3.jar:/Users/ayakons/.m2/repository/org/infinispan/protostream/protostream/4.5.1.Final/protostream-4.5.1.Final.jar:/Users/ayakons/.m2/repository/org/kie/kogito/kogito-api-incubation-processes-services/1.40.0.Final/kogito-api-incubation-processes-services-1.40.0.Final.jar:/Users/ayakons/.m2/repository/org/kie/kogito/kogito-api-incubation-processes/1.40.0.Final/kogito-api-incubation-processes-1.40.0.Final.jar:/Users/ayakons/.m2/repository/org/kie/kogito/jbpm-bpmn2/1.40.0.Final/jbpm-bpmn2-1.40.0.Final.jar:/Users/ayakons/.m2/repository/org/kie/kogito/jbpm-flow-builder/1.40.0.Final/jbpm-flow-builder-1.40.0.Final.jar:/Users/ayakons/.m2/repository/org/kie/kogito/kogito-quarkus-rules/1.40.0.Final/kogito-quarkus-rules-1.40.0.Final.jar:/Users/ayakons/.m2/repository/org/kie/kogito/kogito-api-incubation-rules-services/1.40.0.Final/kogito-api-incubation-rules-services-1.40.0.Final.jar:/Users/ayakons/.m2/repository/org/kie/kogito/kogito-api-incubation-rules/1.40.0.Final/kogito-api-incubation-rules-1.40.0.Final.jar:/Users/ayakons/.m2/repository/org/kie/kogito/kogito-quarkus-predictions/1.40.0.Final/kogito-quarkus-predictions-1.40.0.Final.jar:/Users/ayakons/.m2/repository/org/kie/kogito/kogito-pmml/1.40.0.Final/kogito-pmml-1.40.0.Final.jar:/Users/ayakons/.m2/repository/org/kie/kie-pmml-dependencies/8.40.0.Final/kie-pmml-dependencies-8.40.0.Final.jar:/Users/ayakons/.m2/repository/org/kie/kie-pmml-api/8.40.0.Final/kie-pmml-api-8.40.0.Final.jar:/Users/ayakons/.m2/repository/org/apache/commons/commons-math3/3.4.1/commons-math3-3.4.1.jar:/Users/ayakons/.m2/repository/org/kie/kie-pmml-commons/8.40.0.Final/kie-pmml-commons-8.40.0.Final.jar:/Users/ayakons/.m2/repository/org/apache/commons/commons-text/1.10.0/commons-text-1.10.0.jar:/Users/ayakons/.m2/repository/org/kie/kie-pmml-compiler-api/8.40.0.Final/kie-pmml-compiler-api-8.40.0.Final.jar:/Users/ayakons/.m2/repository/org/glassfish/jaxb/jaxb-runtime/2.3.3-b02/jaxb-runtime-2.3.3-b02.jar:/Users/ayakons/.m2/repository/jakarta/xml/bind/jakarta.xml.bind-api/2.3.3/jakarta.xml.bind-api-2.3.3.jar:/Users/ayakons/.m2/repository/org/glassfish/jaxb/txw2/2.3.3-b02/txw2-2.3.3-b02.jar:/Users/ayakons/.m2/repository/com/sun/istack/istack-commons-runtime/3.0.10/istack-commons-runtime-3.0.10.jar:/Users/ayakons/.m2/repository/com/sun/activation/jakarta.activation/1.2.1/jakarta.activation-1.2.1.jar:/Users/ayakons/.m2/repository/org/kie/kie-pmml-compiler-core/8.40.0.Final/kie-pmml-compiler-core-8.40.0.Final.jar:/Users/ayakons/.m2/repository/org/kie/kie-pmml-compiler-commons/8.40.0.Final/kie-pmml-compiler-commons-8.40.0.Final.jar:/Users/ayakons/.m2/repository/org/kie/kie-pmml-evaluator-api/8.40.0.Final/kie-pmml-evaluator-api-8.40.0.Final.jar:/Users/ayakons/.m2/repository/org/kie/kie-pmml-evaluator-core/8.40.0.Final/kie-pmml-evaluator-core-8.40.0.Final.jar:/Users/ayakons/.m2/repository/org/kie/kie-pmml-evaluator-utils/8.40.0.Final/kie-pmml-evaluator-utils-8.40.0.Final.jar:/Users/ayakons/.m2/repository/org/kie/kie-pmml-models-drools-common/8.40.0.Final/kie-pmml-models-drools-common-8.40.0.Final.jar:/Users/ayakons/.m2/repository/org/kie/kie-pmml-models-regression-model/8.40.0.Final/kie-pmml-models-regression-model-8.40.0.Final.jar:/Users/ayakons/.m2/repository/org/kie/kie-pmml-models-regression-compiler/8.40.0.Final/kie-pmml-models-regression-compiler-8.40.0.Final.jar:/Users/ayakons/.m2/repository/org/kie/kie-pmml-models-regression-evaluator/8.40.0.Final/kie-pmml-models-regression-evaluator-8.40.0.Final.jar:/Users/ayakons/.m2/repository/org/kie/kie-pmml-models-mining-model/8.40.0.Final/kie-pmml-models-mining-model-8.40.0.Final.jar:/Users/ayakons/.m2/repository/org/kie/kie-pmml-models-mining-compiler/8.40.0.Final/kie-pmml-models-mining-compiler-8.40.0.Final.jar:/Users/ayakons/.m2/repository/org/kie/kie-pmml-models-mining-evaluator/8.40.0.Final/kie-pmml-models-mining-evaluator-8.40.0.Final.jar:/Users/ayakons/.m2/repository/org/kie/kie-pmml-models-clustering-model/8.40.0.Final/kie-pmml-models-clustering-model-8.40.0.Final.jar:/Users/ayakons/.m2/repository/org/kie/kie-pmml-models-clustering-compiler/8.40.0.Final/kie-pmml-models-clustering-compiler-8.40.0.Final.jar:/Users/ayakons/.m2/repository/org/kie/kie-pmml-models-clustering-evaluator/8.40.0.Final/kie-pmml-models-clustering-evaluator-8.40.0.Final.jar:/Users/ayakons/.m2/repository/org/assertj/assertj-core/3.23.1/assertj-core-3.23.1.jar:/Users/ayakons/.m2/repository/net/bytebuddy/byte-buddy/1.12.18/byte-buddy-1.12.18.jar:/Users/ayakons/.m2/repository/org/kie/kie-pmml-models-drools-tree-model/8.40.0.Final/kie-pmml-models-drools-tree-model-8.40.0.Final.jar:/Users/ayakons/.m2/repository/org/kie/kie-pmml-models-drools-tree-compiler/8.40.0.Final/kie-pmml-models-drools-tree-compiler-8.40.0.Final.jar:/Users/ayakons/.m2/repository/org/kie/kie-pmml-models-drools-tree-evaluator/8.40.0.Final/kie-pmml-models-drools-tree-evaluator-8.40.0.Final.jar:/Users/ayakons/.m2/repository/org/kie/kie-pmml-compiler-api/8.40.0.Final/kie-pmml-compiler-api-8.40.0.Final-tests.jar:/Users/ayakons/.m2/repository/org/kie/kie-pmml-models-drools-scorecard-model/8.40.0.Final/kie-pmml-models-drools-scorecard-model-8.40.0.Final.jar:/Users/ayakons/.m2/repository/org/kie/kie-pmml-models-drools-scorecard-compiler/8.40.0.Final/kie-pmml-models-drools-scorecard-compiler-8.40.0.Final.jar:/Users/ayakons/.m2/repository/org/kie/kie-pmml-models-drools-scorecard-evaluator/8.40.0.Final/kie-pmml-models-drools-scorecard-evaluator-8.40.0.Final.jar:/Users/ayakons/.m2/repository/org/kie/kie-drl-compilation-common/8.40.0.Final/kie-drl-compilation-common-8.40.0.Final.jar:/Users/ayakons/.m2/repository/org/kie/kie-drl-api/8.40.0.Final/kie-drl-api-8.40.0.Final.jar:/Users/ayakons/.m2/repository/org/kie/kie-drl-map-input-runtime/8.40.0.Final/kie-drl-map-input-runtime-8.40.0.Final.jar:/Users/ayakons/.m2/repository/org/kie/kie-drl-runtime-common/8.40.0.Final/kie-drl-runtime-common-8.40.0.Final.jar:/Users/ayakons/.m2/repository/org/kie/efesto-dependencies/8.40.0.Final/efesto-dependencies-8.40.0.Final.jar:/Users/ayakons/.m2/repository/org/kie/kogito/kogito-api-incubation-predictions-services/1.40.0.Final/kogito-api-incubation-predictions-services-1.40.0.Final.jar:/Users/ayakons/.m2/repository/org/kie/kogito/kogito-api-incubation-predictions/1.40.0.Final/kogito-api-incubation-predictions-1.40.0.Final.jar:/Users/ayakons/.m2/repository/io/quarkus/quarkus-arc/2.16.7.Final/quarkus-arc-2.16.7.Final.jar:/Users/ayakons/.m2/repository/io/quarkus/arc/arc/2.16.7.Final/arc-2.16.7.Final.jar:/Users/ayakons/.m2/repository/jakarta/transaction/jakarta.transaction-api/1.3.3/jakarta.transaction-api-1.3.3.jar:/Users/ayakons/.m2/repository/io/smallrye/reactive/mutiny/1.9.0/mutiny-1.9.0.jar:/Users/ayakons/.m2/repository/org/reactivestreams/reactive-streams/1.0.3/reactive-streams-1.0.3.jar:/Users/ayakons/.m2/repository/org/eclipse/microprofile/context-propagation/microprofile-context-propagation-api/1.2/microprofile-context-propagation-api-1.2.jar:/Users/ayakons/.m2/repository/io/quarkus/quarkus-resteasy-reactive/2.16.7.Final/quarkus-resteasy-reactive-2.16.7.Final.jar:/Users/ayakons/.m2/repository/io/quarkus/quarkus-resteasy-reactive-common/2.16.7.Final/quarkus-resteasy-reactive-common-2.16.7.Final.jar:/Users/ayakons/.m2/repository/io/quarkus/resteasy/reactive/resteasy-reactive-common/2.16.7.Final/resteasy-reactive-common-2.16.7.Final.jar:/Users/ayakons/.m2/repository/io/quarkus/resteasy/reactive/resteasy-reactive-common-types/2.16.7.Final/resteasy-reactive-common-types-2.16.7.Final.jar:/Users/ayakons/.m2/repository/io/quarkus/resteasy/reactive/resteasy-reactive-vertx/2.16.7.Final/resteasy-reactive-vertx-2.16.7.Final.jar:/Users/ayakons/.m2/repository/io/smallrye/reactive/smallrye-mutiny-vertx-core/2.30.1/smallrye-mutiny-vertx-core-2.30.1.jar:/Users/ayakons/.m2/repository/io/smallrye/reactive/smallrye-mutiny-vertx-runtime/2.30.1/smallrye-mutiny-vertx-runtime-2.30.1.jar:/Users/ayakons/.m2/repository/io/smallrye/reactive/vertx-mutiny-generator/2.30.1/vertx-mutiny-generator-2.30.1.jar:/Users/ayakons/.m2/repository/io/vertx/vertx-codegen/4.3.7/vertx-codegen-4.3.7.jar:/Users/ayakons/.m2/repository/io/quarkus/resteasy/reactive/resteasy-reactive/2.16.7.Final/resteasy-reactive-2.16.7.Final.jar:/Users/ayakons/.m2/repository/org/jboss/spec/javax/ws/rs/jboss-jaxrs-api_2.1_spec/2.0.1.Final/jboss-jaxrs-api_2.1_spec-2.0.1.Final.jar:/Users/ayakons/.m2/repository/org/jboss/logging/commons-logging-jboss-logging/1.0.0.Final/commons-logging-jboss-logging-1.0.0.Final.jar:/Users/ayakons/.m2/repository/org/jboss/spec/javax/xml/bind/jboss-jaxb-api_2.3_spec/2.0.0.Final/jboss-jaxb-api_2.3_spec-2.0.0.Final.jar:/Users/ayakons/.m2/repository/io/quarkus/quarkus-junit5/2.16.7.Final/quarkus-junit5-2.16.7.Final.jar:/Users/ayakons/.m2/repository/io/quarkus/quarkus-bootstrap-core/2.16.7.Final/quarkus-bootstrap-core-2.16.7.Final.jar:/Users/ayakons/.m2/repository/io/quarkus/quarkus-bootstrap-app-model/2.16.7.Final/quarkus-bootstrap-app-model-2.16.7.Final.jar:/Users/ayakons/.m2/repository/io/smallrye/common/smallrye-common-io/1.13.2/smallrye-common-io-1.13.2.jar:/Users/ayakons/.m2/repository/org/eclipse/sisu/org.eclipse.sisu.inject/0.3.5/org.eclipse.sisu.inject-0.3.5.jar:/Users/ayakons/.m2/repository/io/quarkus/quarkus-test-common/2.16.7.Final/quarkus-test-common-2.16.7.Final.jar:/Users/ayakons/.m2/repository/io/quarkus/quarkus-core-deployment/2.16.7.Final/quarkus-core-deployment-2.16.7.Final.jar:/Users/ayakons/.m2/repository/org/aesh/readline/2.2/readline-2.2.jar:/Users/ayakons/.m2/repository/org/fusesource/jansi/jansi/1.18/jansi-1.18.jar:/Users/ayakons/.m2/repository/org/aesh/aesh/2.7/aesh-2.7.jar:/Users/ayakons/.m2/repository/org/ow2/asm/asm/9.4/asm-9.4.jar:/Users/ayakons/.m2/repository/org/ow2/asm/asm-commons/9.4/asm-commons-9.4.jar:/Users/ayakons/.m2/repository/org/ow2/asm/asm-tree/9.4/asm-tree-9.4.jar:/Users/ayakons/.m2/repository/io/quarkus/quarkus-class-change-agent/2.16.7.Final/quarkus-class-change-agent-2.16.7.Final.jar:/Users/ayakons/.m2/repository/io/quarkus/quarkus-devtools-utilities/2.16.7.Final/quarkus-devtools-utilities-2.16.7.Final.jar:/Users/ayakons/.m2/repository/io/quarkus/quarkus-builder/2.16.7.Final/quarkus-builder-2.16.7.Final.jar:/Users/ayakons/.m2/repository/org/junit/platform/junit-platform-launcher/1.9.2/junit-platform-launcher-1.9.2.jar:/Users/ayakons/.m2/repository/io/quarkus/quarkus-bootstrap-maven-resolver/2.16.7.Final/quarkus-bootstrap-maven-resolver-2.16.7.Final.jar:/Users/ayakons/.m2/repository/org/apache/maven/maven-embedder/3.8.6/maven-embedder-3.8.6.jar:/Users/ayakons/.m2/repository/org/apache/maven/maven-settings/3.8.6/maven-settings-3.8.6.jar:/Users/ayakons/.m2/repository/org/apache/maven/maven-core/3.8.6/maven-core-3.8.6.jar:/Users/ayakons/.m2/repository/org/apache/maven/maven-artifact/3.8.6/maven-artifact-3.8.6.jar:/Users/ayakons/.m2/repository/org/codehaus/plexus/plexus-component-annotations/2.1.0/plexus-component-annotations-2.1.0.jar:/Users/ayakons/.m2/repository/org/apache/maven/maven-plugin-api/3.8.6/maven-plugin-api-3.8.6.jar:/Users/ayakons/.m2/repository/org/apache/maven/maven-model/3.8.6/maven-model-3.8.6.jar:/Users/ayakons/.m2/repository/org/apache/maven/maven-model-builder/3.8.6/maven-model-builder-3.8.6.jar:/Users/ayakons/.m2/repository/org/apache/maven/maven-builder-support/3.8.6/maven-builder-support-3.8.6.jar:/Users/ayakons/.m2/repository/org/apache/maven/resolver/maven-resolver-api/1.6.3/maven-resolver-api-1.6.3.jar:/Users/ayakons/.m2/repository/org/apache/maven/resolver/maven-resolver-util/1.6.3/maven-resolver-util-1.6.3.jar:/Users/ayakons/.m2/repository/org/apache/maven/shared/maven-shared-utils/3.3.4/maven-shared-utils-3.3.4.jar:/Users/ayakons/.m2/repository/commons-io/commons-io/2.11.0/commons-io-2.11.0.jar:/Users/ayakons/.m2/repository/com/google/inject/guice/4.2.2/guice-4.2.2-no_aop.jar:/Users/ayakons/.m2/repository/org/codehaus/plexus/plexus-classworlds/2.6.0/plexus-classworlds-2.6.0.jar:/Users/ayakons/.m2/repository/org/codehaus/plexus/plexus-sec-dispatcher/2.0/plexus-sec-dispatcher-2.0.jar:/Users/ayakons/.m2/repository/org/codehaus/plexus/plexus-cipher/2.0/plexus-cipher-2.0.jar:/Users/ayakons/.m2/repository/commons-cli/commons-cli/1.4/commons-cli-1.4.jar:/Users/ayakons/.m2/repository/org/eclipse/sisu/org.eclipse.sisu.plexus/0.3.5/org.eclipse.sisu.plexus-0.3.5.jar:/Users/ayakons/.m2/repository/org/apache/maven/maven-settings-builder/3.8.6/maven-settings-builder-3.8.6.jar:/Users/ayakons/.m2/repository/org/codehaus/plexus/plexus-interpolation/1.26/plexus-interpolation-1.26.jar:/Users/ayakons/.m2/repository/org/apache/maven/maven-resolver-provider/3.8.6/maven-resolver-provider-3.8.6.jar:/Users/ayakons/.m2/repository/org/apache/maven/maven-repository-metadata/3.8.6/maven-repository-metadata-3.8.6.jar:/Users/ayakons/.m2/repository/org/apache/maven/resolver/maven-resolver-spi/1.6.3/maven-resolver-spi-1.6.3.jar:/Users/ayakons/.m2/repository/org/apache/maven/resolver/maven-resolver-impl/1.6.3/maven-resolver-impl-1.6.3.jar:/Users/ayakons/.m2/repository/org/codehaus/plexus/plexus-utils/3.3.0/plexus-utils-3.3.0.jar:/Users/ayakons/.m2/repository/org/apache/maven/resolver/maven-resolver-connector-basic/1.6.3/maven-resolver-connector-basic-1.6.3.jar:/Users/ayakons/.m2/repository/org/apache/maven/resolver/maven-resolver-transport-wagon/1.6.3/maven-resolver-transport-wagon-1.6.3.jar:/Users/ayakons/.m2/repository/org/apache/maven/wagon/wagon-http/3.5.1/wagon-http-3.5.1.jar:/Users/ayakons/.m2/repository/org/apache/maven/wagon/wagon-http-shared/3.5.1/wagon-http-shared-3.5.1.jar:/Users/ayakons/.m2/repository/org/apache/maven/wagon/wagon-provider-api/3.5.1/wagon-provider-api-3.5.1.jar:/Users/ayakons/.m2/repository/org/apache/maven/wagon/wagon-file/3.5.1/wagon-file-3.5.1.jar:/Users/ayakons/.m2/repository/io/quarkus/quarkus-bootstrap-gradle-resolver/2.16.7.Final/quarkus-bootstrap-gradle-resolver-2.16.7.Final.jar:/Users/ayakons/.m2/repository/io/quarkus/quarkus-junit5-properties/2.16.7.Final/quarkus-junit5-properties-2.16.7.Final.jar:/Users/ayakons/.m2/repository/org/junit/jupiter/junit-jupiter/5.9.2/junit-jupiter-5.9.2.jar:/Users/ayakons/.m2/repository/org/junit/jupiter/junit-jupiter-api/5.9.2/junit-jupiter-api-5.9.2.jar:/Users/ayakons/.m2/repository/org/opentest4j/opentest4j/1.2.0/opentest4j-1.2.0.jar:/Users/ayakons/.m2/repository/org/junit/platform/junit-platform-commons/1.9.2/junit-platform-commons-1.9.2.jar:/Users/ayakons/.m2/repository/org/apiguardian/apiguardian-api/1.1.2/apiguardian-api-1.1.2.jar:/Users/ayakons/.m2/repository/org/junit/jupiter/junit-jupiter-params/5.9.2/junit-jupiter-params-5.9.2.jar:/Users/ayakons/.m2/repository/org/junit/jupiter/junit-jupiter-engine/5.9.2/junit-jupiter-engine-5.9.2.jar:/Users/ayakons/.m2/repository/org/junit/platform/junit-platform-engine/1.9.2/junit-platform-engine-1.9.2.jar:/Users/ayakons/.m2/repository/com/thoughtworks/xstream/xstream/1.4.20/xstream-1.4.20.jar:/Users/ayakons/.m2/repository/io/github/x-stream/mxparser/1.2.2/mxparser-1.2.2.jar:/Users/ayakons/.m2/repository/xmlpull/xmlpull/1.1.3.1/xmlpull-1.1.3.1.jar:/Users/ayakons/.m2/repository/io/rest-assured/rest-assured/4.5.1/rest-assured-4.5.1.jar:/Users/ayakons/.m2/repository/org/codehaus/groovy/groovy/3.0.9/groovy-3.0.9.jar:/Users/ayakons/.m2/repository/org/codehaus/groovy/groovy-xml/3.0.9/groovy-xml-3.0.9.jar:/Users/ayakons/.m2/repository/org/apache/httpcomponents/httpclient/4.5.14/httpclient-4.5.14.jar:/Users/ayakons/.m2/repository/org/apache/httpcomponents/httpcore/4.4.16/httpcore-4.4.16.jar:/Users/ayakons/.m2/repository/commons-codec/commons-codec/1.15/commons-codec-1.15.jar:/Users/ayakons/.m2/repository/org/apache/httpcomponents/httpmime/4.5.14/httpmime-4.5.14.jar:/Users/ayakons/.m2/repository/org/hamcrest/hamcrest/2.1/hamcrest-2.1.jar:/Users/ayakons/.m2/repository/org/ccil/cowan/tagsoup/tagsoup/1.2.1/tagsoup-1.2.1.jar:/Users/ayakons/.m2/repository/io/rest-assured/json-path/4.5.1/json-path-4.5.1.jar:/Users/ayakons/.m2/repository/org/codehaus/groovy/groovy-json/3.0.9/groovy-json-3.0.9.jar:/Users/ayakons/.m2/repository/io/rest-assured/rest-assured-common/4.5.1/rest-assured-common-4.5.1.jar:/Users/ayakons/.m2/repository/io/rest-assured/xml-path/4.5.1/xml-path-4.5.1.jar:/Users/ayakons/.m2/repository/org/apache/commons/commons-lang3/3.12.0/commons-lang3-3.12.0.jar:/Users/ayakons/.m2/repository/com/ibm/bamoe/bamoe-ilmt-compliance-quarkus-pamoe/9.0.0.Final/bamoe-ilmt-compliance-quarkus-pamoe-9.0.0.Final.jar:/Users/ayakons/.m2/repository/com/ibm/bamoe/bamoe-ilmt-compliance-common/9.0.0.Final/bamoe-ilmt-compliance-common-9.0.0.Final.jar:"/>
    <property name="java.vm.vendor" value="Homebrew"/>
    <property name="sun.arch.data.model" value="64"/>
    <property name="java.vendor.url" value="https://github.com/Homebrew/homebrew-core/issues"/>
    <property name="user.timezone" value="Asia/Tokyo"/>
    <property name="logging.initial-configurator.min-level" value="500"/>
    <property name="os.name" value="Mac OS X"/>
    <property name="java.vm.specification.version" value="20"/>
    <property name="sun.java.launcher" value="SUN_STANDARD"/>
    <property name="user.country" value="JP"/>
    <property name="mp.openapi.extensions.smallrye.defaultProduces" value="application/json"/>
    <property name="sun.boot.library.path" value="/opt/homebrew/Cellar/openjdk/20.0.1/libexec/openjdk.jdk/Contents/Home/lib"/>
    <property name="sun.java.command" value="/Users/ayakons/work/products/DM/ws/v9GettingStarted/quick-kogito/target/surefire/surefirebooter-20230831113531392_3.jar /Users/ayakons/work/products/DM/ws/v9GettingStarted/quick-kogito/target/surefire 2023-08-31T11-35-31_277-jvmRun1 surefire-20230831113531392_1tmp surefire_0-20230831113531392_2tmp"/>
    <property name="jdk.debug" value="release"/>
    <property name="maven.home" value="/opt/homebrew/Cellar/maven@3.8/3.8.8/libexec"/>
    <property name="surefire.test.class.path" value="/Users/ayakons/work/products/DM/ws/v9GettingStarted/quick-kogito/target/test-classes:/Users/ayakons/work/products/DM/ws/v9GettingStarted/quick-kogito/target/classes:/Users/ayakons/.m2/repository/org/kie/kogito/kogito-quarkus-decisions/1.40.0.Final/kogito-quarkus-decisions-1.40.0.Final.jar:/Users/ayakons/.m2/repository/org/kie/kogito/kogito-quarkus-common/1.40.0.Final/kogito-quarkus-common-1.40.0.Final.jar:/Users/ayakons/.m2/repository/org/kie/kogito/kogito-api-incubation-application/1.40.0.Final/kogito-api-incubation-application-1.40.0.Final.jar:/Users/ayakons/.m2/repository/org/kie/kogito/kogito-api-incubation-common/1.40.0.Final/kogito-api-incubation-common-1.40.0.Final.jar:/Users/ayakons/.m2/repository/org/kie/kogito/kogito-api-incubation-common-objectmapper/1.40.0.Final/kogito-api-incubation-common-objectmapper-1.40.0.Final.jar:/Users/ayakons/.m2/repository/org/kie/kogito/kogito-rest-workitem/1.40.0.Final/kogito-rest-workitem-1.40.0.Final.jar:/Users/ayakons/.m2/repository/org/kie/kogito/jbpm-flow/1.40.0.Final/jbpm-flow-1.40.0.Final.jar:/Users/ayakons/.m2/repository/org/kie/kogito/kogito-events-api/1.40.0.Final/kogito-events-api-1.40.0.Final.jar:/Users/ayakons/.m2/repository/org/kie/kogito/kogito-services/1.40.0.Final/kogito-services-1.40.0.Final.jar:/Users/ayakons/.m2/repository/org/kie/kogito/kogito-events-core/1.40.0.Final/kogito-events-core-1.40.0.Final.jar:/Users/ayakons/.m2/repository/org/kie/kogito/kogito-timer/1.40.0.Final/kogito-timer-1.40.0.Final.jar:/Users/ayakons/.m2/repository/org/kie/kogito/process-workitems/1.40.0.Final/process-workitems-1.40.0.Final.jar:/Users/ayakons/.m2/repository/org/drools/drools-mvel/8.40.0.Final/drools-mvel-8.40.0.Final.jar:/Users/ayakons/.m2/repository/org/kie/kogito/kogito-rest-utils/1.40.0.Final/kogito-rest-utils-1.40.0.Final.jar:/Users/ayakons/.m2/repository/io/smallrye/reactive/smallrye-mutiny-vertx-auth-oauth2/2.30.1/smallrye-mutiny-vertx-auth-oauth2-2.30.1.jar:/Users/ayakons/.m2/repository/io/vertx/vertx-auth-oauth2/4.3.7/vertx-auth-oauth2-4.3.7.jar:/Users/ayakons/.m2/repository/io/smallrye/reactive/smallrye-mutiny-vertx-web-client/2.30.1/smallrye-mutiny-vertx-web-client-2.30.1.jar:/Users/ayakons/.m2/repository/io/vertx/vertx-web-client/4.3.7/vertx-web-client-4.3.7.jar:/Users/ayakons/.m2/repository/org/kie/kogito/kogito-jackson-utils/1.40.0.Final/kogito-jackson-utils-1.40.0.Final.jar:/Users/ayakons/.m2/repository/org/mvel/mvel2/2.5.0.Final/mvel2-2.5.0.Final.jar:/Users/ayakons/.m2/repository/com/jayway/jsonpath/json-path/2.8.0/json-path-2.8.0.jar:/Users/ayakons/.m2/repository/net/minidev/json-smart/2.4.10/json-smart-2.4.10.jar:/Users/ayakons/.m2/repository/net/minidev/accessors-smart/2.4.9/accessors-smart-2.4.9.jar:/Users/ayakons/.m2/repository/io/quarkus/quarkus-jackson/2.16.7.Final/quarkus-jackson-2.16.7.Final.jar:/Users/ayakons/.m2/repository/com/fasterxml/jackson/datatype/jackson-datatype-jsr310/2.14.2/jackson-datatype-jsr310-2.14.2.jar:/Users/ayakons/.m2/repository/com/fasterxml/jackson/datatype/jackson-datatype-jdk8/2.14.2/jackson-datatype-jdk8-2.14.2.jar:/Users/ayakons/.m2/repository/com/fasterxml/jackson/module/jackson-module-parameter-names/2.14.2/jackson-module-parameter-names-2.14.2.jar:/Users/ayakons/.m2/repository/io/quarkus/arc/arc-processor/2.16.7.Final/arc-processor-2.16.7.Final.jar:/Users/ayakons/.m2/repository/io/quarkus/gizmo/gizmo/1.6.0.Final/gizmo-1.6.0.Final.jar:/Users/ayakons/.m2/repository/org/ow2/asm/asm-util/9.4/asm-util-9.4.jar:/Users/ayakons/.m2/repository/org/ow2/asm/asm-analysis/9.4/asm-analysis-9.4.jar:/Users/ayakons/.m2/repository/org/kie/kogito/kogito-api/1.40.0.Final/kogito-api-1.40.0.Final.jar:/Users/ayakons/.m2/repository/org/kie/kie-api/8.40.0.Final/kie-api-8.40.0.Final.jar:/Users/ayakons/.m2/repository/com/fasterxml/jackson/core/jackson-annotations/2.14.2/jackson-annotations-2.14.2.jar:/Users/ayakons/.m2/repository/io/cloudevents/cloudevents-api/2.3.0/cloudevents-api-2.3.0.jar:/Users/ayakons/.m2/repository/jakarta/annotation/jakarta.annotation-api/1.3.5/jakarta.annotation-api-1.3.5.jar:/Users/ayakons/.m2/repository/org/kie/kogito/kogito-api-incubation-decisions-services/1.40.0.Final/kogito-api-incubation-decisions-services-1.40.0.Final.jar:/Users/ayakons/.m2/repository/org/kie/kogito/kogito-api-incubation-decisions/1.40.0.Final/kogito-api-incubation-decisions-1.40.0.Final.jar:/Users/ayakons/.m2/repository/io/cloudevents/cloudevents-json-jackson/2.3.0/cloudevents-json-jackson-2.3.0.jar:/Users/ayakons/.m2/repository/io/cloudevents/cloudevents-core/2.3.0/cloudevents-core-2.3.0.jar:/Users/ayakons/.m2/repository/com/fasterxml/jackson/core/jackson-core/2.14.2/jackson-core-2.14.2.jar:/Users/ayakons/.m2/repository/com/fasterxml/jackson/core/jackson-databind/2.14.2/jackson-databind-2.14.2.jar:/Users/ayakons/.m2/repository/org/kie/kogito/kogito-dmn/1.40.0.Final/kogito-dmn-1.40.0.Final.jar:/Users/ayakons/.m2/repository/org/kie/kie-dmn-core/8.40.0.Final/kie-dmn-core-8.40.0.Final.jar:/Users/ayakons/.m2/repository/org/kie/kie-dmn-api/8.40.0.Final/kie-dmn-api-8.40.0.Final.jar:/Users/ayakons/.m2/repository/org/kie/efesto-common-api/8.40.0.Final/efesto-common-api-8.40.0.Final.jar:/Users/ayakons/.m2/repository/org/kie/kie-dmn-model/8.40.0.Final/kie-dmn-model-8.40.0.Final.jar:/Users/ayakons/.m2/repository/org/kie/kie-dmn-backend/8.40.0.Final/kie-dmn-backend-8.40.0.Final.jar:/Users/ayakons/.m2/repository/org/kie/kie-util-xml/8.40.0.Final/kie-util-xml-8.40.0.Final.jar:/Users/ayakons/.m2/repository/org/kie/kie-dmn-feel/8.40.0.Final/kie-dmn-feel-8.40.0.Final.jar:/Users/ayakons/.m2/repository/ch/obermuhlner/big-math/2.0.1/big-math-2.0.1.jar:/Users/ayakons/.m2/repository/org/kie/kie-internal/8.40.0.Final/kie-internal-8.40.0.Final.jar:/Users/ayakons/.m2/repository/org/kie/kie-memory-compiler/8.40.0.Final/kie-memory-compiler-8.40.0.Final.jar:/Users/ayakons/.m2/repository/org/drools/drools-util/8.40.0.Final/drools-util-8.40.0.Final.jar:/Users/ayakons/.m2/repository/org/drools/drools-wiring-api/8.40.0.Final/drools-wiring-api-8.40.0.Final.jar:/Users/ayakons/.m2/repository/org/drools/drools-core/8.40.0.Final/drools-core-8.40.0.Final.jar:/Users/ayakons/.m2/repository/org/drools/drools-base/8.40.0.Final/drools-base-8.40.0.Final.jar:/Users/ayakons/.m2/repository/org/drools/drools-wiring-static/8.40.0.Final/drools-wiring-static-8.40.0.Final.jar:/Users/ayakons/.m2/repository/org/drools/drools-io/8.40.0.Final/drools-io-8.40.0.Final.jar:/Users/ayakons/.m2/repository/org/drools/drools-compiler/8.40.0.Final/drools-compiler-8.40.0.Final.jar:/Users/ayakons/.m2/repository/org/drools/drools-drl-parser/8.40.0.Final/drools-drl-parser-8.40.0.Final.jar:/Users/ayakons/.m2/repository/org/drools/drools-drl-extensions/8.40.0.Final/drools-drl-extensions-8.40.0.Final.jar:/Users/ayakons/.m2/repository/org/drools/drools-drl-ast/8.40.0.Final/drools-drl-ast-8.40.0.Final.jar:/Users/ayakons/.m2/repository/org/drools/drools-kiesession/8.40.0.Final/drools-kiesession-8.40.0.Final.jar:/Users/ayakons/.m2/repository/org/drools/drools-ecj/8.40.0.Final/drools-ecj-8.40.0.Final.jar:/Users/ayakons/.m2/repository/org/eclipse/jdt/ecj/3.33.0/ecj-3.33.0.jar:/Users/ayakons/.m2/repository/org/kie/kie-util-maven-support/8.40.0.Final/kie-util-maven-support-8.40.0.Final.jar:/Users/ayakons/.m2/repository/org/antlr/antlr-runtime/3.5.2/antlr-runtime-3.5.2.jar:/Users/ayakons/.m2/repository/org/drools/drools-canonical-model/8.40.0.Final/drools-canonical-model-8.40.0.Final.jar:/Users/ayakons/.m2/repository/org/drools/drools-model-compiler/8.40.0.Final/drools-model-compiler-8.40.0.Final.jar:/Users/ayakons/.m2/repository/com/github/javaparser/javaparser-core/3.24.2/javaparser-core-3.24.2.jar:/Users/ayakons/.m2/repository/org/drools/drools-mvel-parser/8.40.0.Final/drools-mvel-parser-8.40.0.Final.jar:/Users/ayakons/.m2/repository/org/drools/drools-alphanetwork-compiler/8.40.0.Final/drools-alphanetwork-compiler-8.40.0.Final.jar:/Users/ayakons/.m2/repository/org/kie/efesto-compilation-manager-core/8.40.0.Final/efesto-compilation-manager-core-8.40.0.Final.jar:/Users/ayakons/.m2/repository/org/kie/efesto-compilation-manager-api/8.40.0.Final/efesto-compilation-manager-api-8.40.0.Final.jar:/Users/ayakons/.m2/repository/org/kie/efesto-common-core/8.40.0.Final/efesto-common-core-8.40.0.Final.jar:/Users/ayakons/.m2/repository/org/kie/efesto-runtime-manager-core/8.40.0.Final/efesto-runtime-manager-core-8.40.0.Final.jar:/Users/ayakons/.m2/repository/org/kie/efesto-runtime-manager-api/8.40.0.Final/efesto-runtime-manager-api-8.40.0.Final.jar:/Users/ayakons/.m2/repository/org/kie/efesto-common-utils/8.40.0.Final/efesto-common-utils-8.40.0.Final.jar:/Users/ayakons/.m2/repository/org/antlr/antlr4-runtime/4.10.1/antlr4-runtime-4.10.1.jar:/Users/ayakons/.m2/repository/org/jpmml/pmml-model/1.5.1/pmml-model-1.5.1.jar:/Users/ayakons/.m2/repository/org/jpmml/pmml-agent/1.5.1/pmml-agent-1.5.1.jar:/Users/ayakons/.m2/repository/org/kie/kie-dmn-validation/8.40.0.Final/kie-dmn-validation-8.40.0.Final.jar:/Users/ayakons/.m2/repository/org/drools/drools-commands/8.40.0.Final/drools-commands-8.40.0.Final.jar:/Users/ayakons/.m2/repository/org/kie/kogito/kogito-drools/1.40.0.Final/kogito-drools-1.40.0.Final.jar:/Users/ayakons/.m2/repository/org/drools/drools-ruleunits-api/8.40.0.Final/drools-ruleunits-api-8.40.0.Final.jar:/Users/ayakons/.m2/repository/org/drools/drools-ruleunits-impl/8.40.0.Final/drools-ruleunits-impl-8.40.0.Final.jar:/Users/ayakons/.m2/repository/org/drools/drools-model-codegen/8.40.0.Final/drools-model-codegen-8.40.0.Final.jar:/Users/ayakons/.m2/repository/org/drools/drools-codegen-common/8.40.0.Final/drools-codegen-common-8.40.0.Final.jar:/Users/ayakons/.m2/repository/org/drools/drools-mvel-compiler/8.40.0.Final/drools-mvel-compiler-8.40.0.Final.jar:/Users/ayakons/.m2/repository/io/quarkus/quarkus-smallrye-openapi/2.16.7.Final/quarkus-smallrye-openapi-2.16.7.Final.jar:/Users/ayakons/.m2/repository/io/smallrye/smallrye-open-api-core/3.1.1/smallrye-open-api-core-3.1.1.jar:/Users/ayakons/.m2/repository/org/eclipse/microprofile/openapi/microprofile-openapi-api/2.0.1/microprofile-openapi-api-2.0.1.jar:/Users/ayakons/.m2/repository/org/eclipse/microprofile/config/microprofile-config-api/2.0.1/microprofile-config-api-2.0.1.jar:/Users/ayakons/.m2/repository/com/fasterxml/jackson/dataformat/jackson-dataformat-yaml/2.14.2/jackson-dataformat-yaml-2.14.2.jar:/Users/ayakons/.m2/repository/org/yaml/snakeyaml/1.33/snakeyaml-1.33.jar:/Users/ayakons/.m2/repository/io/smallrye/jandex/3.0.5/jandex-3.0.5.jar:/Users/ayakons/.m2/repository/org/jboss/logging/jboss-logging/3.5.0.Final/jboss-logging-3.5.0.Final.jar:/Users/ayakons/.m2/repository/io/quarkus/quarkus-core/2.16.7.Final/quarkus-core-2.16.7.Final.jar:/Users/ayakons/.m2/repository/jakarta/enterprise/jakarta.enterprise.cdi-api/2.0.2/jakarta.enterprise.cdi-api-2.0.2.jar:/Users/ayakons/.m2/repository/jakarta/el/jakarta.el-api/3.0.3/jakarta.el-api-3.0.3.jar:/Users/ayakons/.m2/repository/jakarta/interceptor/jakarta.interceptor-api/1.2.5/jakarta.interceptor-api-1.2.5.jar:/Users/ayakons/.m2/repository/jakarta/inject/jakarta.inject-api/1.0/jakarta.inject-api-1.0.jar:/Users/ayakons/.m2/repository/io/quarkus/quarkus-ide-launcher/2.16.7.Final/quarkus-ide-launcher-2.16.7.Final.jar:/Users/ayakons/.m2/repository/io/quarkus/quarkus-development-mode-spi/2.16.7.Final/quarkus-development-mode-spi-2.16.7.Final.jar:/Users/ayakons/.m2/repository/io/smallrye/config/smallrye-config/2.13.3/smallrye-config-2.13.3.jar:/Users/ayakons/.m2/repository/io/smallrye/config/smallrye-config-core/2.13.3/smallrye-config-core-2.13.3.jar:/Users/ayakons/.m2/repository/io/smallrye/common/smallrye-common-expression/1.13.2/smallrye-common-expression-1.13.2.jar:/Users/ayakons/.m2/repository/io/smallrye/common/smallrye-common-function/1.13.2/smallrye-common-function-1.13.2.jar:/Users/ayakons/.m2/repository/io/smallrye/common/smallrye-common-classloader/1.13.2/smallrye-common-classloader-1.13.2.jar:/Users/ayakons/.m2/repository/io/smallrye/config/smallrye-config-common/2.13.3/smallrye-config-common-2.13.3.jar:/Users/ayakons/.m2/repository/org/jboss/logmanager/jboss-logmanager-embedded/1.0.11/jboss-logmanager-embedded-1.0.11.jar:/Users/ayakons/.m2/repository/org/jboss/logging/jboss-logging-annotations/2.2.1.Final/jboss-logging-annotations-2.2.1.Final.jar:/Users/ayakons/.m2/repository/org/jboss/threads/jboss-threads/3.4.3.Final/jboss-threads-3.4.3.Final.jar:/Users/ayakons/.m2/repository/org/slf4j/slf4j-api/1.7.36/slf4j-api-1.7.36.jar:/Users/ayakons/.m2/repository/org/jboss/slf4j/slf4j-jboss-logmanager/1.2.0.Final/slf4j-jboss-logmanager-1.2.0.Final.jar:/Users/ayakons/.m2/repository/org/graalvm/sdk/graal-sdk/22.3.0/graal-sdk-22.3.0.jar:/Users/ayakons/.m2/repository/org/wildfly/common/wildfly-common/1.5.4.Final-format-001/wildfly-common-1.5.4.Final-format-001.jar:/Users/ayakons/.m2/repository/io/quarkus/quarkus-bootstrap-runner/2.16.7.Final/quarkus-bootstrap-runner-2.16.7.Final.jar:/Users/ayakons/.m2/repository/io/quarkus/quarkus-fs-util/0.0.9/quarkus-fs-util-0.0.9.jar:/Users/ayakons/.m2/repository/io/quarkus/quarkus-vertx-http/2.16.7.Final/quarkus-vertx-http-2.16.7.Final.jar:/Users/ayakons/.m2/repository/io/quarkus/quarkus-security-runtime-spi/2.16.7.Final/quarkus-security-runtime-spi-2.16.7.Final.jar:/Users/ayakons/.m2/repository/io/quarkus/quarkus-credentials/2.16.7.Final/quarkus-credentials-2.16.7.Final.jar:/Users/ayakons/.m2/repository/io/quarkus/quarkus-mutiny/2.16.7.Final/quarkus-mutiny-2.16.7.Final.jar:/Users/ayakons/.m2/repository/io/quarkus/quarkus-smallrye-context-propagation/2.16.7.Final/quarkus-smallrye-context-propagation-2.16.7.Final.jar:/Users/ayakons/.m2/repository/io/smallrye/smallrye-context-propagation/1.2.2/smallrye-context-propagation-1.2.2.jar:/Users/ayakons/.m2/repository/io/smallrye/smallrye-context-propagation-api/1.2.2/smallrye-context-propagation-api-1.2.2.jar:/Users/ayakons/.m2/repository/io/smallrye/smallrye-context-propagation-storage/1.2.2/smallrye-context-propagation-storage-1.2.2.jar:/Users/ayakons/.m2/repository/io/smallrye/reactive/mutiny-smallrye-context-propagation/1.9.0/mutiny-smallrye-context-propagation-1.9.0.jar:/Users/ayakons/.m2/repository/io/smallrye/common/smallrye-common-vertx-context/1.13.2/smallrye-common-vertx-context-1.13.2.jar:/Users/ayakons/.m2/repository/io/vertx/vertx-core/4.3.7/vertx-core-4.3.7.jar:/Users/ayakons/.m2/repository/io/netty/netty-common/4.1.86.Final/netty-common-4.1.86.Final.jar:/Users/ayakons/.m2/repository/io/netty/netty-buffer/4.1.86.Final/netty-buffer-4.1.86.Final.jar:/Users/ayakons/.m2/repository/io/netty/netty-transport/4.1.86.Final/netty-transport-4.1.86.Final.jar:/Users/ayakons/.m2/repository/io/netty/netty-handler/4.1.86.Final/netty-handler-4.1.86.Final.jar:/Users/ayakons/.m2/repository/io/netty/netty-transport-native-unix-common/4.1.86.Final/netty-transport-native-unix-common-4.1.86.Final.jar:/Users/ayakons/.m2/repository/io/netty/netty-handler-proxy/4.1.86.Final/netty-handler-proxy-4.1.86.Final.jar:/Users/ayakons/.m2/repository/io/netty/netty-codec-socks/4.1.86.Final/netty-codec-socks-4.1.86.Final.jar:/Users/ayakons/.m2/repository/io/netty/netty-codec-http/4.1.86.Final/netty-codec-http-4.1.86.Final.jar:/Users/ayakons/.m2/repository/io/netty/netty-codec-http2/4.1.86.Final/netty-codec-http2-4.1.86.Final.jar:/Users/ayakons/.m2/repository/io/netty/netty-resolver/4.1.86.Final/netty-resolver-4.1.86.Final.jar:/Users/ayakons/.m2/repository/io/netty/netty-resolver-dns/4.1.86.Final/netty-resolver-dns-4.1.86.Final.jar:/Users/ayakons/.m2/repository/io/netty/netty-codec-dns/4.1.86.Final/netty-codec-dns-4.1.86.Final.jar:/Users/ayakons/.m2/repository/io/smallrye/common/smallrye-common-constraint/1.13.2/smallrye-common-constraint-1.13.2.jar:/Users/ayakons/.m2/repository/io/quarkus/quarkus-vertx-http-dev-console-runtime-spi/2.16.7.Final/quarkus-vertx-http-dev-console-runtime-spi-2.16.7.Final.jar:/Users/ayakons/.m2/repository/io/quarkus/security/quarkus-security/1.1.4.Final/quarkus-security-1.1.4.Final.jar:/Users/ayakons/.m2/repository/io/quarkus/quarkus-vertx/2.16.7.Final/quarkus-vertx-2.16.7.Final.jar:/Users/ayakons/.m2/repository/io/quarkus/quarkus-netty/2.16.7.Final/quarkus-netty-2.16.7.Final.jar:/Users/ayakons/.m2/repository/io/netty/netty-codec/4.1.86.Final/netty-codec-4.1.86.Final.jar:/Users/ayakons/.m2/repository/com/aayushatharva/brotli4j/brotli4j/1.8.0/brotli4j-1.8.0.jar:/Users/ayakons/.m2/repository/com/aayushatharva/brotli4j/native-osx-aarch64/1.8.0/native-osx-aarch64-1.8.0.jar:/Users/ayakons/.m2/repository/io/netty/netty-codec-haproxy/4.1.86.Final/netty-codec-haproxy-4.1.86.Final.jar:/Users/ayakons/.m2/repository/io/smallrye/common/smallrye-common-annotation/1.13.2/smallrye-common-annotation-1.13.2.jar:/Users/ayakons/.m2/repository/io/quarkus/quarkus-vertx-latebound-mdc-provider/2.16.7.Final/quarkus-vertx-latebound-mdc-provider-2.16.7.Final.jar:/Users/ayakons/.m2/repository/io/smallrye/smallrye-fault-tolerance-vertx/5.6.0/smallrye-fault-tolerance-vertx-5.6.0.jar:/Users/ayakons/.m2/repository/io/smallrye/reactive/smallrye-mutiny-vertx-web/2.30.1/smallrye-mutiny-vertx-web-2.30.1.jar:/Users/ayakons/.m2/repository/io/smallrye/reactive/smallrye-mutiny-vertx-web-common/2.30.1/smallrye-mutiny-vertx-web-common-2.30.1.jar:/Users/ayakons/.m2/repository/io/smallrye/reactive/smallrye-mutiny-vertx-auth-common/2.30.1/smallrye-mutiny-vertx-auth-common-2.30.1.jar:/Users/ayakons/.m2/repository/io/smallrye/reactive/smallrye-mutiny-vertx-bridge-common/2.30.1/smallrye-mutiny-vertx-bridge-common-2.30.1.jar:/Users/ayakons/.m2/repository/io/smallrye/reactive/smallrye-mutiny-vertx-uri-template/2.30.1/smallrye-mutiny-vertx-uri-template-2.30.1.jar:/Users/ayakons/.m2/repository/io/vertx/vertx-uri-template/4.3.7/vertx-uri-template-4.3.7.jar:/Users/ayakons/.m2/repository/io/vertx/vertx-web/4.3.7/vertx-web-4.3.7.jar:/Users/ayakons/.m2/repository/io/vertx/vertx-web-common/4.3.7/vertx-web-common-4.3.7.jar:/Users/ayakons/.m2/repository/io/vertx/vertx-auth-common/4.3.7/vertx-auth-common-4.3.7.jar:/Users/ayakons/.m2/repository/io/vertx/vertx-bridge-common/4.3.7/vertx-bridge-common-4.3.7.jar:/Users/ayakons/.m2/repository/io/github/crac/org-crac/0.1.3/org-crac-0.1.3.jar:/Users/ayakons/.m2/repository/io/quarkus/quarkus-swagger-ui/2.16.7.Final/quarkus-swagger-ui-2.16.7.Final.jar:/Users/ayakons/.m2/repository/io/quarkus/quarkus-smallrye-health/2.16.7.Final/quarkus-smallrye-health-2.16.7.Final.jar:/Users/ayakons/.m2/repository/io/smallrye/smallrye-health/3.3.1/smallrye-health-3.3.1.jar:/Users/ayakons/.m2/repository/org/eclipse/microprofile/health/microprofile-health-api/3.1/microprofile-health-api-3.1.jar:/Users/ayakons/.m2/repository/io/smallrye/smallrye-health-api/3.3.1/smallrye-health-api-3.3.1.jar:/Users/ayakons/.m2/repository/io/smallrye/smallrye-health-provided-checks/3.3.1/smallrye-health-provided-checks-3.3.1.jar:/Users/ayakons/.m2/repository/io/quarkus/quarkus-jsonp/2.16.7.Final/quarkus-jsonp-2.16.7.Final.jar:/Users/ayakons/.m2/repository/org/glassfish/jakarta.json/1.1.6/jakarta.json-1.1.6.jar:/Users/ayakons/.m2/repository/io/quarkus/quarkus-resteasy-reactive-jackson/2.16.7.Final/quarkus-resteasy-reactive-jackson-2.16.7.Final.jar:/Users/ayakons/.m2/repository/io/quarkus/quarkus-resteasy-reactive-jackson-common/2.16.7.Final/quarkus-resteasy-reactive-jackson-common-2.16.7.Final.jar:/Users/ayakons/.m2/repository/io/quarkus/resteasy/reactive/resteasy-reactive-jackson/2.16.7.Final/resteasy-reactive-jackson-2.16.7.Final.jar:/Users/ayakons/.m2/repository/org/kie/kogito/kogito-quarkus/1.40.0.Final/kogito-quarkus-1.40.0.Final.jar:/Users/ayakons/.m2/repository/org/kie/kogito/kogito-quarkus-processes/1.40.0.Final/kogito-quarkus-processes-1.40.0.Final.jar:/Users/ayakons/.m2/repository/org/kie/kogito/kogito-quarkus-workflow-common/1.40.0.Final/kogito-quarkus-workflow-common-1.40.0.Final.jar:/Users/ayakons/.m2/repository/org/kie/kogito/process-serialization-protobuf/1.40.0.Final/process-serialization-protobuf-1.40.0.Final.jar:/Users/ayakons/.m2/repository/com/google/protobuf/protobuf-java/3.22.0/protobuf-java-3.22.0.jar:/Users/ayakons/.m2/repository/com/google/protobuf/protobuf-java-util/3.22.0/protobuf-java-util-3.22.0.jar:/Users/ayakons/.m2/repository/com/google/code/findbugs/jsr305/3.0.2/jsr305-3.0.2.jar:/Users/ayakons/.m2/repository/com/google/code/gson/gson/2.10/gson-2.10.jar:/Users/ayakons/.m2/repository/com/google/errorprone/error_prone_annotations/2.17.0/error_prone_annotations-2.17.0.jar:/Users/ayakons/.m2/repository/com/google/guava/guava/31.1-jre/guava-31.1-jre.jar:/Users/ayakons/.m2/repository/com/google/guava/failureaccess/1.0.1/failureaccess-1.0.1.jar:/Users/ayakons/.m2/repository/com/google/j2objc/j2objc-annotations/1.3/j2objc-annotations-1.3.jar:/Users/ayakons/.m2/repository/org/infinispan/protostream/protostream/4.5.1.Final/protostream-4.5.1.Final.jar:/Users/ayakons/.m2/repository/org/kie/kogito/kogito-api-incubation-processes-services/1.40.0.Final/kogito-api-incubation-processes-services-1.40.0.Final.jar:/Users/ayakons/.m2/repository/org/kie/kogito/kogito-api-incubation-processes/1.40.0.Final/kogito-api-incubation-processes-1.40.0.Final.jar:/Users/ayakons/.m2/repository/org/kie/kogito/jbpm-bpmn2/1.40.0.Final/jbpm-bpmn2-1.40.0.Final.jar:/Users/ayakons/.m2/repository/org/kie/kogito/jbpm-flow-builder/1.40.0.Final/jbpm-flow-builder-1.40.0.Final.jar:/Users/ayakons/.m2/repository/org/kie/kogito/kogito-quarkus-rules/1.40.0.Final/kogito-quarkus-rules-1.40.0.Final.jar:/Users/ayakons/.m2/repository/org/kie/kogito/kogito-api-incubation-rules-services/1.40.0.Final/kogito-api-incubation-rules-services-1.40.0.Final.jar:/Users/ayakons/.m2/repository/org/kie/kogito/kogito-api-incubation-rules/1.40.0.Final/kogito-api-incubation-rules-1.40.0.Final.jar:/Users/ayakons/.m2/repository/org/kie/kogito/kogito-quarkus-predictions/1.40.0.Final/kogito-quarkus-predictions-1.40.0.Final.jar:/Users/ayakons/.m2/repository/org/kie/kogito/kogito-pmml/1.40.0.Final/kogito-pmml-1.40.0.Final.jar:/Users/ayakons/.m2/repository/org/kie/kie-pmml-dependencies/8.40.0.Final/kie-pmml-dependencies-8.40.0.Final.jar:/Users/ayakons/.m2/repository/org/kie/kie-pmml-api/8.40.0.Final/kie-pmml-api-8.40.0.Final.jar:/Users/ayakons/.m2/repository/org/apache/commons/commons-math3/3.4.1/commons-math3-3.4.1.jar:/Users/ayakons/.m2/repository/org/kie/kie-pmml-commons/8.40.0.Final/kie-pmml-commons-8.40.0.Final.jar:/Users/ayakons/.m2/repository/org/apache/commons/commons-text/1.10.0/commons-text-1.10.0.jar:/Users/ayakons/.m2/repository/org/kie/kie-pmml-compiler-api/8.40.0.Final/kie-pmml-compiler-api-8.40.0.Final.jar:/Users/ayakons/.m2/repository/org/glassfish/jaxb/jaxb-runtime/2.3.3-b02/jaxb-runtime-2.3.3-b02.jar:/Users/ayakons/.m2/repository/jakarta/xml/bind/jakarta.xml.bind-api/2.3.3/jakarta.xml.bind-api-2.3.3.jar:/Users/ayakons/.m2/repository/org/glassfish/jaxb/txw2/2.3.3-b02/txw2-2.3.3-b02.jar:/Users/ayakons/.m2/repository/com/sun/istack/istack-commons-runtime/3.0.10/istack-commons-runtime-3.0.10.jar:/Users/ayakons/.m2/repository/com/sun/activation/jakarta.activation/1.2.1/jakarta.activation-1.2.1.jar:/Users/ayakons/.m2/repository/org/kie/kie-pmml-compiler-core/8.40.0.Final/kie-pmml-compiler-core-8.40.0.Final.jar:/Users/ayakons/.m2/repository/org/kie/kie-pmml-compiler-commons/8.40.0.Final/kie-pmml-compiler-commons-8.40.0.Final.jar:/Users/ayakons/.m2/repository/org/kie/kie-pmml-evaluator-api/8.40.0.Final/kie-pmml-evaluator-api-8.40.0.Final.jar:/Users/ayakons/.m2/repository/org/kie/kie-pmml-evaluator-core/8.40.0.Final/kie-pmml-evaluator-core-8.40.0.Final.jar:/Users/ayakons/.m2/repository/org/kie/kie-pmml-evaluator-utils/8.40.0.Final/kie-pmml-evaluator-utils-8.40.0.Final.jar:/Users/ayakons/.m2/repository/org/kie/kie-pmml-models-drools-common/8.40.0.Final/kie-pmml-models-drools-common-8.40.0.Final.jar:/Users/ayakons/.m2/repository/org/kie/kie-pmml-models-regression-model/8.40.0.Final/kie-pmml-models-regression-model-8.40.0.Final.jar:/Users/ayakons/.m2/repository/org/kie/kie-pmml-models-regression-compiler/8.40.0.Final/kie-pmml-models-regression-compiler-8.40.0.Final.jar:/Users/ayakons/.m2/repository/org/kie/kie-pmml-models-regression-evaluator/8.40.0.Final/kie-pmml-models-regression-evaluator-8.40.0.Final.jar:/Users/ayakons/.m2/repository/org/kie/kie-pmml-models-mining-model/8.40.0.Final/kie-pmml-models-mining-model-8.40.0.Final.jar:/Users/ayakons/.m2/repository/org/kie/kie-pmml-models-mining-compiler/8.40.0.Final/kie-pmml-models-mining-compiler-8.40.0.Final.jar:/Users/ayakons/.m2/repository/org/kie/kie-pmml-models-mining-evaluator/8.40.0.Final/kie-pmml-models-mining-evaluator-8.40.0.Final.jar:/Users/ayakons/.m2/repository/org/kie/kie-pmml-models-clustering-model/8.40.0.Final/kie-pmml-models-clustering-model-8.40.0.Final.jar:/Users/ayakons/.m2/repository/org/kie/kie-pmml-models-clustering-compiler/8.40.0.Final/kie-pmml-models-clustering-compiler-8.40.0.Final.jar:/Users/ayakons/.m2/repository/org/kie/kie-pmml-models-clustering-evaluator/8.40.0.Final/kie-pmml-models-clustering-evaluator-8.40.0.Final.jar:/Users/ayakons/.m2/repository/org/assertj/assertj-core/3.23.1/assertj-core-3.23.1.jar:/Users/ayakons/.m2/repository/net/bytebuddy/byte-buddy/1.12.18/byte-buddy-1.12.18.jar:/Users/ayakons/.m2/repository/org/kie/kie-pmml-models-drools-tree-model/8.40.0.Final/kie-pmml-models-drools-tree-model-8.40.0.Final.jar:/Users/ayakons/.m2/repository/org/kie/kie-pmml-models-drools-tree-compiler/8.40.0.Final/kie-pmml-models-drools-tree-compiler-8.40.0.Final.jar:/Users/ayakons/.m2/repository/org/kie/kie-pmml-models-drools-tree-evaluator/8.40.0.Final/kie-pmml-models-drools-tree-evaluator-8.40.0.Final.jar:/Users/ayakons/.m2/repository/org/kie/kie-pmml-compiler-api/8.40.0.Final/kie-pmml-compiler-api-8.40.0.Final-tests.jar:/Users/ayakons/.m2/repository/org/kie/kie-pmml-models-drools-scorecard-model/8.40.0.Final/kie-pmml-models-drools-scorecard-model-8.40.0.Final.jar:/Users/ayakons/.m2/repository/org/kie/kie-pmml-models-drools-scorecard-compiler/8.40.0.Final/kie-pmml-models-drools-scorecard-compiler-8.40.0.Final.jar:/Users/ayakons/.m2/repository/org/kie/kie-pmml-models-drools-scorecard-evaluator/8.40.0.Final/kie-pmml-models-drools-scorecard-evaluator-8.40.0.Final.jar:/Users/ayakons/.m2/repository/org/kie/kie-drl-compilation-common/8.40.0.Final/kie-drl-compilation-common-8.40.0.Final.jar:/Users/ayakons/.m2/repository/org/kie/kie-drl-api/8.40.0.Final/kie-drl-api-8.40.0.Final.jar:/Users/ayakons/.m2/repository/org/kie/kie-drl-map-input-runtime/8.40.0.Final/kie-drl-map-input-runtime-8.40.0.Final.jar:/Users/ayakons/.m2/repository/org/kie/kie-drl-runtime-common/8.40.0.Final/kie-drl-runtime-common-8.40.0.Final.jar:/Users/ayakons/.m2/repository/org/kie/efesto-dependencies/8.40.0.Final/efesto-dependencies-8.40.0.Final.jar:/Users/ayakons/.m2/repository/org/kie/kogito/kogito-api-incubation-predictions-services/1.40.0.Final/kogito-api-incubation-predictions-services-1.40.0.Final.jar:/Users/ayakons/.m2/repository/org/kie/kogito/kogito-api-incubation-predictions/1.40.0.Final/kogito-api-incubation-predictions-1.40.0.Final.jar:/Users/ayakons/.m2/repository/io/quarkus/quarkus-arc/2.16.7.Final/quarkus-arc-2.16.7.Final.jar:/Users/ayakons/.m2/repository/io/quarkus/arc/arc/2.16.7.Final/arc-2.16.7.Final.jar:/Users/ayakons/.m2/repository/jakarta/transaction/jakarta.transaction-api/1.3.3/jakarta.transaction-api-1.3.3.jar:/Users/ayakons/.m2/repository/io/smallrye/reactive/mutiny/1.9.0/mutiny-1.9.0.jar:/Users/ayakons/.m2/repository/org/reactivestreams/reactive-streams/1.0.3/reactive-streams-1.0.3.jar:/Users/ayakons/.m2/repository/org/eclipse/microprofile/context-propagation/microprofile-context-propagation-api/1.2/microprofile-context-propagation-api-1.2.jar:/Users/ayakons/.m2/repository/io/quarkus/quarkus-resteasy-reactive/2.16.7.Final/quarkus-resteasy-reactive-2.16.7.Final.jar:/Users/ayakons/.m2/repository/io/quarkus/quarkus-resteasy-reactive-common/2.16.7.Final/quarkus-resteasy-reactive-common-2.16.7.Final.jar:/Users/ayakons/.m2/repository/io/quarkus/resteasy/reactive/resteasy-reactive-common/2.16.7.Final/resteasy-reactive-common-2.16.7.Final.jar:/Users/ayakons/.m2/repository/io/quarkus/resteasy/reactive/resteasy-reactive-common-types/2.16.7.Final/resteasy-reactive-common-types-2.16.7.Final.jar:/Users/ayakons/.m2/repository/io/quarkus/resteasy/reactive/resteasy-reactive-vertx/2.16.7.Final/resteasy-reactive-vertx-2.16.7.Final.jar:/Users/ayakons/.m2/repository/io/smallrye/reactive/smallrye-mutiny-vertx-core/2.30.1/smallrye-mutiny-vertx-core-2.30.1.jar:/Users/ayakons/.m2/repository/io/smallrye/reactive/smallrye-mutiny-vertx-runtime/2.30.1/smallrye-mutiny-vertx-runtime-2.30.1.jar:/Users/ayakons/.m2/repository/io/smallrye/reactive/vertx-mutiny-generator/2.30.1/vertx-mutiny-generator-2.30.1.jar:/Users/ayakons/.m2/repository/io/vertx/vertx-codegen/4.3.7/vertx-codegen-4.3.7.jar:/Users/ayakons/.m2/repository/io/quarkus/resteasy/reactive/resteasy-reactive/2.16.7.Final/resteasy-reactive-2.16.7.Final.jar:/Users/ayakons/.m2/repository/org/jboss/spec/javax/ws/rs/jboss-jaxrs-api_2.1_spec/2.0.1.Final/jboss-jaxrs-api_2.1_spec-2.0.1.Final.jar:/Users/ayakons/.m2/repository/org/jboss/logging/commons-logging-jboss-logging/1.0.0.Final/commons-logging-jboss-logging-1.0.0.Final.jar:/Users/ayakons/.m2/repository/org/jboss/spec/javax/xml/bind/jboss-jaxb-api_2.3_spec/2.0.0.Final/jboss-jaxb-api_2.3_spec-2.0.0.Final.jar:/Users/ayakons/.m2/repository/io/quarkus/quarkus-junit5/2.16.7.Final/quarkus-junit5-2.16.7.Final.jar:/Users/ayakons/.m2/repository/io/quarkus/quarkus-bootstrap-core/2.16.7.Final/quarkus-bootstrap-core-2.16.7.Final.jar:/Users/ayakons/.m2/repository/io/quarkus/quarkus-bootstrap-app-model/2.16.7.Final/quarkus-bootstrap-app-model-2.16.7.Final.jar:/Users/ayakons/.m2/repository/io/smallrye/common/smallrye-common-io/1.13.2/smallrye-common-io-1.13.2.jar:/Users/ayakons/.m2/repository/org/eclipse/sisu/org.eclipse.sisu.inject/0.3.5/org.eclipse.sisu.inject-0.3.5.jar:/Users/ayakons/.m2/repository/io/quarkus/quarkus-test-common/2.16.7.Final/quarkus-test-common-2.16.7.Final.jar:/Users/ayakons/.m2/repository/io/quarkus/quarkus-core-deployment/2.16.7.Final/quarkus-core-deployment-2.16.7.Final.jar:/Users/ayakons/.m2/repository/org/aesh/readline/2.2/readline-2.2.jar:/Users/ayakons/.m2/repository/org/fusesource/jansi/jansi/1.18/jansi-1.18.jar:/Users/ayakons/.m2/repository/org/aesh/aesh/2.7/aesh-2.7.jar:/Users/ayakons/.m2/repository/org/ow2/asm/asm/9.4/asm-9.4.jar:/Users/ayakons/.m2/repository/org/ow2/asm/asm-commons/9.4/asm-commons-9.4.jar:/Users/ayakons/.m2/repository/org/ow2/asm/asm-tree/9.4/asm-tree-9.4.jar:/Users/ayakons/.m2/repository/io/quarkus/quarkus-class-change-agent/2.16.7.Final/quarkus-class-change-agent-2.16.7.Final.jar:/Users/ayakons/.m2/repository/io/quarkus/quarkus-devtools-utilities/2.16.7.Final/quarkus-devtools-utilities-2.16.7.Final.jar:/Users/ayakons/.m2/repository/io/quarkus/quarkus-builder/2.16.7.Final/quarkus-builder-2.16.7.Final.jar:/Users/ayakons/.m2/repository/org/junit/platform/junit-platform-launcher/1.9.2/junit-platform-launcher-1.9.2.jar:/Users/ayakons/.m2/repository/io/quarkus/quarkus-bootstrap-maven-resolver/2.16.7.Final/quarkus-bootstrap-maven-resolver-2.16.7.Final.jar:/Users/ayakons/.m2/repository/org/apache/maven/maven-embedder/3.8.6/maven-embedder-3.8.6.jar:/Users/ayakons/.m2/repository/org/apache/maven/maven-settings/3.8.6/maven-settings-3.8.6.jar:/Users/ayakons/.m2/repository/org/apache/maven/maven-core/3.8.6/maven-core-3.8.6.jar:/Users/ayakons/.m2/repository/org/apache/maven/maven-artifact/3.8.6/maven-artifact-3.8.6.jar:/Users/ayakons/.m2/repository/org/codehaus/plexus/plexus-component-annotations/2.1.0/plexus-component-annotations-2.1.0.jar:/Users/ayakons/.m2/repository/org/apache/maven/maven-plugin-api/3.8.6/maven-plugin-api-3.8.6.jar:/Users/ayakons/.m2/repository/org/apache/maven/maven-model/3.8.6/maven-model-3.8.6.jar:/Users/ayakons/.m2/repository/org/apache/maven/maven-model-builder/3.8.6/maven-model-builder-3.8.6.jar:/Users/ayakons/.m2/repository/org/apache/maven/maven-builder-support/3.8.6/maven-builder-support-3.8.6.jar:/Users/ayakons/.m2/repository/org/apache/maven/resolver/maven-resolver-api/1.6.3/maven-resolver-api-1.6.3.jar:/Users/ayakons/.m2/repository/org/apache/maven/resolver/maven-resolver-util/1.6.3/maven-resolver-util-1.6.3.jar:/Users/ayakons/.m2/repository/org/apache/maven/shared/maven-shared-utils/3.3.4/maven-shared-utils-3.3.4.jar:/Users/ayakons/.m2/repository/commons-io/commons-io/2.11.0/commons-io-2.11.0.jar:/Users/ayakons/.m2/repository/com/google/inject/guice/4.2.2/guice-4.2.2-no_aop.jar:/Users/ayakons/.m2/repository/org/codehaus/plexus/plexus-classworlds/2.6.0/plexus-classworlds-2.6.0.jar:/Users/ayakons/.m2/repository/org/codehaus/plexus/plexus-sec-dispatcher/2.0/plexus-sec-dispatcher-2.0.jar:/Users/ayakons/.m2/repository/org/codehaus/plexus/plexus-cipher/2.0/plexus-cipher-2.0.jar:/Users/ayakons/.m2/repository/commons-cli/commons-cli/1.4/commons-cli-1.4.jar:/Users/ayakons/.m2/repository/org/eclipse/sisu/org.eclipse.sisu.plexus/0.3.5/org.eclipse.sisu.plexus-0.3.5.jar:/Users/ayakons/.m2/repository/org/apache/maven/maven-settings-builder/3.8.6/maven-settings-builder-3.8.6.jar:/Users/ayakons/.m2/repository/org/codehaus/plexus/plexus-interpolation/1.26/plexus-interpolation-1.26.jar:/Users/ayakons/.m2/repository/org/apache/maven/maven-resolver-provider/3.8.6/maven-resolver-provider-3.8.6.jar:/Users/ayakons/.m2/repository/org/apache/maven/maven-repository-metadata/3.8.6/maven-repository-metadata-3.8.6.jar:/Users/ayakons/.m2/repository/org/apache/maven/resolver/maven-resolver-spi/1.6.3/maven-resolver-spi-1.6.3.jar:/Users/ayakons/.m2/repository/org/apache/maven/resolver/maven-resolver-impl/1.6.3/maven-resolver-impl-1.6.3.jar:/Users/ayakons/.m2/repository/org/codehaus/plexus/plexus-utils/3.3.0/plexus-utils-3.3.0.jar:/Users/ayakons/.m2/repository/org/apache/maven/resolver/maven-resolver-connector-basic/1.6.3/maven-resolver-connector-basic-1.6.3.jar:/Users/ayakons/.m2/repository/org/apache/maven/resolver/maven-resolver-transport-wagon/1.6.3/maven-resolver-transport-wagon-1.6.3.jar:/Users/ayakons/.m2/repository/org/apache/maven/wagon/wagon-http/3.5.1/wagon-http-3.5.1.jar:/Users/ayakons/.m2/repository/org/apache/maven/wagon/wagon-http-shared/3.5.1/wagon-http-shared-3.5.1.jar:/Users/ayakons/.m2/repository/org/apache/maven/wagon/wagon-provider-api/3.5.1/wagon-provider-api-3.5.1.jar:/Users/ayakons/.m2/repository/org/apache/maven/wagon/wagon-file/3.5.1/wagon-file-3.5.1.jar:/Users/ayakons/.m2/repository/io/quarkus/quarkus-bootstrap-gradle-resolver/2.16.7.Final/quarkus-bootstrap-gradle-resolver-2.16.7.Final.jar:/Users/ayakons/.m2/repository/io/quarkus/quarkus-junit5-properties/2.16.7.Final/quarkus-junit5-properties-2.16.7.Final.jar:/Users/ayakons/.m2/repository/org/junit/jupiter/junit-jupiter/5.9.2/junit-jupiter-5.9.2.jar:/Users/ayakons/.m2/repository/org/junit/jupiter/junit-jupiter-api/5.9.2/junit-jupiter-api-5.9.2.jar:/Users/ayakons/.m2/repository/org/opentest4j/opentest4j/1.2.0/opentest4j-1.2.0.jar:/Users/ayakons/.m2/repository/org/junit/platform/junit-platform-commons/1.9.2/junit-platform-commons-1.9.2.jar:/Users/ayakons/.m2/repository/org/apiguardian/apiguardian-api/1.1.2/apiguardian-api-1.1.2.jar:/Users/ayakons/.m2/repository/org/junit/jupiter/junit-jupiter-params/5.9.2/junit-jupiter-params-5.9.2.jar:/Users/ayakons/.m2/repository/org/junit/jupiter/junit-jupiter-engine/5.9.2/junit-jupiter-engine-5.9.2.jar:/Users/ayakons/.m2/repository/org/junit/platform/junit-platform-engine/1.9.2/junit-platform-engine-1.9.2.jar:/Users/ayakons/.m2/repository/com/thoughtworks/xstream/xstream/1.4.20/xstream-1.4.20.jar:/Users/ayakons/.m2/repository/io/github/x-stream/mxparser/1.2.2/mxparser-1.2.2.jar:/Users/ayakons/.m2/repository/xmlpull/xmlpull/1.1.3.1/xmlpull-1.1.3.1.jar:/Users/ayakons/.m2/repository/io/rest-assured/rest-assured/4.5.1/rest-assured-4.5.1.jar:/Users/ayakons/.m2/repository/org/codehaus/groovy/groovy/3.0.9/groovy-3.0.9.jar:/Users/ayakons/.m2/repository/org/codehaus/groovy/groovy-xml/3.0.9/groovy-xml-3.0.9.jar:/Users/ayakons/.m2/repository/org/apache/httpcomponents/httpclient/4.5.14/httpclient-4.5.14.jar:/Users/ayakons/.m2/repository/org/apache/httpcomponents/httpcore/4.4.16/httpcore-4.4.16.jar:/Users/ayakons/.m2/repository/commons-codec/commons-codec/1.15/commons-codec-1.15.jar:/Users/ayakons/.m2/repository/org/apache/httpcomponents/httpmime/4.5.14/httpmime-4.5.14.jar:/Users/ayakons/.m2/repository/org/hamcrest/hamcrest/2.1/hamcrest-2.1.jar:/Users/ayakons/.m2/repository/org/ccil/cowan/tagsoup/tagsoup/1.2.1/tagsoup-1.2.1.jar:/Users/ayakons/.m2/repository/io/rest-assured/json-path/4.5.1/json-path-4.5.1.jar:/Users/ayakons/.m2/repository/org/codehaus/groovy/groovy-json/3.0.9/groovy-json-3.0.9.jar:/Users/ayakons/.m2/repository/io/rest-assured/rest-assured-common/4.5.1/rest-assured-common-4.5.1.jar:/Users/ayakons/.m2/repository/io/rest-assured/xml-path/4.5.1/xml-path-4.5.1.jar:/Users/ayakons/.m2/repository/org/apache/commons/commons-lang3/3.12.0/commons-lang3-3.12.0.jar:/Users/ayakons/.m2/repository/com/ibm/bamoe/bamoe-ilmt-compliance-quarkus-pamoe/9.0.0.Final/bamoe-ilmt-compliance-quarkus-pamoe-9.0.0.Final.jar:/Users/ayakons/.m2/repository/com/ibm/bamoe/bamoe-ilmt-compliance-common/9.0.0.Final/bamoe-ilmt-compliance-common-9.0.0.Final.jar:"/>
    <property name="sun.cpu.endian" value="little"/>
    <property name="user.home" value="/Users/ayakons"/>
    <property name="user.language" value="ja"/>
    <property name="jboss.log-version" value="false"/>
    <property name="java.specification.vendor" value="Oracle Corporation"/>
    <property name="io.netty.allocator.maxOrder" value="3"/>
    <property name="java.version.date" value="2023-04-18"/>
    <property name="java.home" value="/opt/homebrew/Cellar/openjdk/20.0.1/libexec/openjdk.jdk/Contents/Home"/>
    <property name="file.separator" value="/"/>
    <property name="basedir" value="/Users/ayakons/work/products/DM/ws/v9GettingStarted/quick-kogito"/>
    <property name="java.vm.compressedOopsMode" value="Zero based"/>
    <property name="line.separator" value="&#10;"/>
    <property name="java.vm.specification.vendor" value="Oracle Corporation"/>
    <property name="java.specification.name" value="Java Platform API Specification"/>
    <property name="apple.awt.application.name" value="ForkedBooter"/>
    <property name="surefire.real.class.path" value="/Users/ayakons/work/products/DM/ws/v9GettingStarted/quick-kogito/target/surefire/surefirebooter-20230831113531392_3.jar"/>
    <property name="sun.management.compiler" value="HotSpot 64-Bit Tiered Compilers"/>
    <property name="java.runtime.version" value="20.0.1"/>
    <property name="user.name" value="ayakons"/>
    <property name="stdout.encoding" value="UTF-8"/>
    <property name="path.separator" value=":"/>
    <property name="os.version" value="13.4.1"/>
    <property name="java.runtime.name" value="OpenJDK Runtime Environment"/>
    <property name="file.encoding" value="UTF-8"/>
    <property name="java.vm.name" value="OpenJDK 64-Bit Server VM"/>
    <property name="java.vendor.version" value="Homebrew"/>
    <property name="localRepository" value="/Users/ayakons/.m2/repository"/>
    <property name="java.vendor.url.bug" value="https://github.com/Homebrew/homebrew-core/issues"/>
    <property name="java.io.tmpdir" value="/var/folders/84/q95ywqrj1qqb6vzn06gtvzr80000gn/T/"/>
    <property name="quarkus.log.file.path" value="target/quarkus.log"/>
    <property name="java.version" value="20.0.1"/>
    <property name="java.util.concurrent.ForkJoinPool.common.threadFactory" value="io.quarkus.bootstrap.forkjoin.QuarkusForkJoinWorkerThreadFactory"/>
    <property name="user.dir" value="/Users/ayakons/work/products/DM/ws/v9GettingStarted/quick-kogito"/>
    <property name="os.arch" value="aarch64"/>
    <property name="java.vm.specification.name" value="Java Virtual Machine Specification"/>
    <property name="vertx.disableDnsResolver" value="true"/>
    <property name="native.encoding" value="UTF-8"/>
    <property name="java.util.logging.manager" value="org.jboss.logmanager.LogManager"/>
    <property name="java.library.path" value="/Users/ayakons/Library/Java/Extensions:/Library/Java/Extensions:/Network/Library/Java/Extensions:/System/Library/Java/Extensions:/usr/lib/java:."/>
    <property name="java.vm.info" value="mixed mode, sharing"/>
    <property name="stderr.encoding" value="UTF-8"/>
    <property name="java.vendor" value="Homebrew"/>
    <property name="vertx.disableTCCL" value="true"/>
    <property name="java.vm.version" value="20.0.1"/>
    <property name="sun.io.unicode.encoding" value="UnicodeBig"/>
    <property name="io.netty.machineId" value="22:2f:2f:88:c9:26:42:ae"/>
    <property name="java.class.version" value="64.0"/>
    <property name="mp.openapi.extensions.smallrye.defaultConsumes" value="application/json"/>
  </properties>
  <testcase name="testBasePrice" classname="com.ibm.PricingTest" time="0.354"/>
</testsuite>